/mnt/c/Users/nateg/OneDrive/Documentos/GitHub/human/reboot/in-progress/'What' is 'the World'？_part_00.txt
/mnt/c/Users/nateg/OneDrive/Documentos/GitHub/human/reboot/in-progress/'What' is 'the World'？_part_01.txt
/mnt/c/Users/nateg/OneDrive/Documentos/GitHub/human/reboot/in-progress/'What' is 'the World'？_part_02.txt
/mnt/c/Users/nateg/OneDrive/Documentos/GitHub/human/reboot/in-progress/'What' is 'the World'？_part_03.txt
/mnt/c/Users/nateg/OneDrive/Documentos/GitHub/human/reboot/in-progress/'What' is 'the World'？_part_04.txt
/mnt/c/Users/nateg/OneDrive/Documentos/GitHub/human/reboot/in-progress/'What' is 'the World'？_part_05.txt
/mnt/c/Users/nateg/OneDrive/Documentos/GitHub/human/reboot/in-progress/'What' is 'the World'？_part_06.txt
/mnt/c/Users/nateg/OneDrive/Documentos/GitHub/human/reboot/in-progress/'What' is 'the World'？_part_07.txt
/mnt/c/Users/nateg/OneDrive/Documentos/GitHub/human/reboot/in-progress/'What' is 'the World'？_part_08.txt
/mnt/c/Users/nateg/OneDrive/Documentos/GitHub/human/reboot/in-progress/'What' is 'the World'？_part_09.txt
/mnt/c/Users/nateg/OneDrive/Documentos/GitHub/human/reboot/in-progress/(k)EngLish and Negation_part_00.txt
/mnt/c/Users/nateg/OneDrive/Documentos/GitHub/human/reboot/in-progress/(k)EngLish and Negation_part_01.txt
/mnt/c/Users/nateg/OneDrive/Documentos/GitHub/human/reboot/in-progress/(k)EngLish and Negation_part_02.txt
/mnt/c/Users/nateg/OneDrive/Documentos/GitHub/human/reboot/in-progress/(k)EngLish and Negation_part_03.txt
/mnt/c/Users/nateg/OneDrive/Documentos/GitHub/human/reboot/in-progress/(k)EngLish and Negation_part_04.txt
/mnt/c/Users/nateg/OneDrive/Documentos/GitHub/human/reboot/in-progress/(k)EngLish and Negation_part_05.txt
/mnt/c/Users/nateg/OneDrive/Documentos/GitHub/human/reboot/in-progress/(k)EngLish and Negation_part_06.txt
/mnt/c/Users/nateg/OneDrive/Documentos/GitHub/human/reboot/in-progress/(k)EngLish and Negation_part_07.txt
/mnt/c/Users/nateg/OneDrive/Documentos/GitHub/human/reboot/in-progress/(k)EngLish and Negation_part_08.txt
/mnt/c/Users/nateg/OneDrive/Documentos/GitHub/human/reboot/in-progress/(k)EngLish and Negation_part_09.txt
/mnt/c/Users/nateg/OneDrive/Documentos/GitHub/human/reboot/in-progress/0 1 ｜ Origin ｜ Agent_part_00.txt
/mnt/c/Users/nateg/OneDrive/Documentos/GitHub/human/reboot/in-progress/0 1 ｜ Origin ｜ Agent_part_01.txt
/mnt/c/Users/nateg/OneDrive/Documentos/GitHub/human/reboot/in-progress/0 1 ｜ Origin ｜ Agent_part_02.txt
/mnt/c/Users/nateg/OneDrive/Documentos/GitHub/human/reboot/in-progress/0 1 ｜ Origin ｜ Agent_part_03.txt
/mnt/c/Users/nateg/OneDrive/Documentos/GitHub/human/reboot/in-progress/0 1 ｜ Origin ｜ Agent_part_04.txt
/mnt/c/Users/nateg/OneDrive/Documentos/GitHub/human/reboot/in-progress/0 1 ｜ Origin ｜ Agent_part_05.txt
/mnt/c/Users/nateg/OneDrive/Documentos/GitHub/human/reboot/in-progress/0 1 ｜ Origin ｜ Agent_part_06.txt
/mnt/c/Users/nateg/OneDrive/Documentos/GitHub/human/reboot/in-progress/0 1 ｜ Origin ｜ Agent_part_07.txt
/mnt/c/Users/nateg/OneDrive/Documentos/GitHub/human/reboot/in-progress/0 1 ｜ Origin ｜ Agent_part_08.txt
/mnt/c/Users/nateg/OneDrive/Documentos/GitHub/human/reboot/in-progress/0 1 ｜ Origin ｜ Agent_part_09.txt
/mnt/c/Users/nateg/OneDrive/Documentos/GitHub/human/reboot/in-progress/2024 IS NOT A YEAR_part_00.txt
/mnt/c/Users/nateg/OneDrive/Documentos/GitHub/human/reboot/in-progress/2024 IS NOT A YEAR_part_01.txt
/mnt/c/Users/nateg/OneDrive/Documentos/GitHub/human/reboot/in-progress/2024 IS NOT A YEAR_part_02.txt
/mnt/c/Users/nateg/OneDrive/Documentos/GitHub/human/reboot/in-progress/2024 IS NOT A YEAR_part_03.txt
/mnt/c/Users/nateg/OneDrive/Documentos/GitHub/human/reboot/in-progress/2024 IS NOT A YEAR_part_04.txt
/mnt/c/Users/nateg/OneDrive/Documentos/GitHub/human/reboot/in-progress/2024 IS NOT A YEAR_part_05.txt
/mnt/c/Users/nateg/OneDrive/Documentos/GitHub/human/reboot/in-progress/2024 IS NOT A YEAR_part_06.txt
/mnt/c/Users/nateg/OneDrive/Documentos/GitHub/human/reboot/in-progress/2024 IS NOT A YEAR_part_07.txt
/mnt/c/Users/nateg/OneDrive/Documentos/GitHub/human/reboot/in-progress/2024 IS NOT A YEAR_part_08.txt
/mnt/c/Users/nateg/OneDrive/Documentos/GitHub/human/reboot/in-progress/2024 IS NOT A YEAR_part_09.txt
/mnt/c/Users/nateg/OneDrive/Documentos/GitHub/human/reboot/in-progress/80⧸20 and Beyond： False Collectives Instance False Persons as Us_part_00.txt
/mnt/c/Users/nateg/OneDrive/Documentos/GitHub/human/reboot/in-progress/80⧸20 and Beyond： False Collectives Instance False Persons as Us_part_01.txt
/mnt/c/Users/nateg/OneDrive/Documentos/GitHub/human/reboot/in-progress/80⧸20 and Beyond： False Collectives Instance False Persons as Us_part_02.txt
/mnt/c/Users/nateg/OneDrive/Documentos/GitHub/human/reboot/in-progress/80⧸20 and Beyond： False Collectives Instance False Persons as Us_part_03.txt
/mnt/c/Users/nateg/OneDrive/Documentos/GitHub/human/reboot/in-progress/80⧸20 and Beyond： False Collectives Instance False Persons as Us_part_04.txt
/mnt/c/Users/nateg/OneDrive/Documentos/GitHub/human/reboot/in-progress/80⧸20 and Beyond： False Collectives Instance False Persons as Us_part_05.txt
/mnt/c/Users/nateg/OneDrive/Documentos/GitHub/human/reboot/in-progress/80⧸20 and Beyond： False Collectives Instance False Persons as Us_part_06.txt
/mnt/c/Users/nateg/OneDrive/Documentos/GitHub/human/reboot/in-progress/80⧸20 and Beyond： False Collectives Instance False Persons as Us_part_07.txt
/mnt/c/Users/nateg/OneDrive/Documentos/GitHub/human/reboot/in-progress/80⧸20 and Beyond： False Collectives Instance False Persons as Us_part_08.txt
/mnt/c/Users/nateg/OneDrive/Documentos/GitHub/human/reboot/in-progress/80⧸20 and Beyond： False Collectives Instance False Persons as Us_part_09.txt
/mnt/c/Users/nateg/OneDrive/Documentos/GitHub/human/reboot/in-progress/A Cognitive Analogy： Peripheral Vision_part_00.txt
/mnt/c/Users/nateg/OneDrive/Documentos/GitHub/human/reboot/in-progress/A Cognitive Analogy： Peripheral Vision_part_01.txt
/mnt/c/Users/nateg/OneDrive/Documentos/GitHub/human/reboot/in-progress/A Cognitive Analogy： Peripheral Vision_part_02.txt
/mnt/c/Users/nateg/OneDrive/Documentos/GitHub/human/reboot/in-progress/A Cognitive Analogy： Peripheral Vision_part_03.txt
/mnt/c/Users/nateg/OneDrive/Documentos/GitHub/human/reboot/in-progress/A Cognitive Analogy： Peripheral Vision_part_04.txt
/mnt/c/Users/nateg/OneDrive/Documentos/GitHub/human/reboot/in-progress/A Cognitive Analogy： Peripheral Vision_part_05.txt
/mnt/c/Users/nateg/OneDrive/Documentos/GitHub/human/reboot/in-progress/A Cognitive Analogy： Peripheral Vision_part_06.txt
/mnt/c/Users/nateg/OneDrive/Documentos/GitHub/human/reboot/in-progress/A Cognitive Analogy： Peripheral Vision_part_07.txt
/mnt/c/Users/nateg/OneDrive/Documentos/GitHub/human/reboot/in-progress/A Cognitive Analogy： Peripheral Vision_part_08.txt
/mnt/c/Users/nateg/OneDrive/Documentos/GitHub/human/reboot/in-progress/A Cognitive Analogy： Peripheral Vision_part_09.txt
/mnt/c/Users/nateg/OneDrive/Documentos/GitHub/human/reboot/in-progress/A Dream from Beyond_part_00.txt
/mnt/c/Users/nateg/OneDrive/Documentos/GitHub/human/reboot/in-progress/A Dream from Beyond_part_01.txt
/mnt/c/Users/nateg/OneDrive/Documentos/GitHub/human/reboot/in-progress/A Dream from Beyond_part_02.txt
/mnt/c/Users/nateg/OneDrive/Documentos/GitHub/human/reboot/in-progress/A Dream from Beyond_part_03.txt
/mnt/c/Users/nateg/OneDrive/Documentos/GitHub/human/reboot/in-progress/A Dream from Beyond_part_04.txt
/mnt/c/Users/nateg/OneDrive/Documentos/GitHub/human/reboot/in-progress/A Dream from Beyond_part_05.txt
/mnt/c/Users/nateg/OneDrive/Documentos/GitHub/human/reboot/in-progress/A Dream from Beyond_part_06.txt
/mnt/c/Users/nateg/OneDrive/Documentos/GitHub/human/reboot/in-progress/A Dream from Beyond_part_07.txt
/mnt/c/Users/nateg/OneDrive/Documentos/GitHub/human/reboot/in-progress/A Dream from Beyond_part_08.txt
/mnt/c/Users/nateg/OneDrive/Documentos/GitHub/human/reboot/in-progress/A Dream from Beyond_part_09.txt
/mnt/c/Users/nateg/OneDrive/Documentos/GitHub/human/reboot/in-progress/A Fragment： The Pupils, Death, Ancestors, Love_part_00.txt
/mnt/c/Users/nateg/OneDrive/Documentos/GitHub/human/reboot/in-progress/A Fragment： The Pupils, Death, Ancestors, Love_part_01.txt
/mnt/c/Users/nateg/OneDrive/Documentos/GitHub/human/reboot/in-progress/A Fragment： The Pupils, Death, Ancestors, Love_part_02.txt
/mnt/c/Users/nateg/OneDrive/Documentos/GitHub/human/reboot/in-progress/A Fragment： The Pupils, Death, Ancestors, Love_part_03.txt
/mnt/c/Users/nateg/OneDrive/Documentos/GitHub/human/reboot/in-progress/A Fragment： The Pupils, Death, Ancestors, Love_part_04.txt
/mnt/c/Users/nateg/OneDrive/Documentos/GitHub/human/reboot/in-progress/A Fragment： The Pupils, Death, Ancestors, Love_part_05.txt
/mnt/c/Users/nateg/OneDrive/Documentos/GitHub/human/reboot/in-progress/A Fragment： The Pupils, Death, Ancestors, Love_part_06.txt
/mnt/c/Users/nateg/OneDrive/Documentos/GitHub/human/reboot/in-progress/A Fragment： The Pupils, Death, Ancestors, Love_part_07.txt
/mnt/c/Users/nateg/OneDrive/Documentos/GitHub/human/reboot/in-progress/A Fragment： The Pupils, Death, Ancestors, Love_part_08.txt
/mnt/c/Users/nateg/OneDrive/Documentos/GitHub/human/reboot/in-progress/A Matter of Not Time ｜ Knowledge_part_00.txt
/mnt/c/Users/nateg/OneDrive/Documentos/GitHub/human/reboot/in-progress/A Matter of Not Time ｜ Knowledge_part_01.txt
/mnt/c/Users/nateg/OneDrive/Documentos/GitHub/human/reboot/in-progress/A Matter of Not Time ｜ Knowledge_part_02.txt
/mnt/c/Users/nateg/OneDrive/Documentos/GitHub/human/reboot/in-progress/A Matter of Not Time ｜ Knowledge_part_03.txt
/mnt/c/Users/nateg/OneDrive/Documentos/GitHub/human/reboot/in-progress/A Matter of Not Time ｜ Knowledge_part_04.txt
/mnt/c/Users/nateg/OneDrive/Documentos/GitHub/human/reboot/in-progress/A Matter of Not Time ｜ Knowledge_part_05.txt
/mnt/c/Users/nateg/OneDrive/Documentos/GitHub/human/reboot/in-progress/A Matter of Not Time ｜ Knowledge_part_06.txt
/mnt/c/Users/nateg/OneDrive/Documentos/GitHub/human/reboot/in-progress/A Matter of Not Time ｜ Knowledge_part_07.txt
/mnt/c/Users/nateg/OneDrive/Documentos/GitHub/human/reboot/in-progress/A Matter of Not Time ｜ Knowledge_part_08.txt
/mnt/c/Users/nateg/OneDrive/Documentos/GitHub/human/reboot/in-progress/A Matter of Not Time ｜ Knowledge_part_09.txt
