/mnt/c/Users/nateg/OneDrive/Documentos/GitHub/human/reboot/'What' is 'the World'？.txt
/mnt/c/Users/nateg/OneDrive/Documentos/GitHub/human/reboot/(k)EngLish and Negation.txt
/mnt/c/Users/nateg/OneDrive/Documentos/GitHub/human/reboot/0 1 ｜ Origin ｜ Agent.txt
/mnt/c/Users/nateg/OneDrive/Documentos/GitHub/human/reboot/2024 IS NOT A YEAR.txt
/mnt/c/Users/nateg/OneDrive/Documentos/GitHub/human/reboot/80⧸20 and Beyond： False Collectives Instance False Persons as Us.txt
/mnt/c/Users/nateg/OneDrive/Documentos/GitHub/human/reboot/A Cognitive Analogy： Peripheral Vision.txt
/mnt/c/Users/nateg/OneDrive/Documentos/GitHub/human/reboot/A Dream from Beyond.txt
/mnt/c/Users/nateg/OneDrive/Documentos/GitHub/human/reboot/A Fragment： The Pupils, Death, Ancestors, Love.txt
/mnt/c/Users/nateg/OneDrive/Documentos/GitHub/human/reboot/A Matter of Not Time ｜ Knowledge.txt
/mnt/c/Users/nateg/OneDrive/Documentos/GitHub/human/reboot/A Plague of Imagery ： The Questions.txt
/mnt/c/Users/nateg/OneDrive/Documentos/GitHub/human/reboot/A Quick Note： Persons are Communities.txt
/mnt/c/Users/nateg/OneDrive/Documentos/GitHub/human/reboot/A View from Above.txt
/mnt/c/Users/nateg/OneDrive/Documentos/GitHub/human/reboot/A Vigil： What is a Hero？ Co-m-petition, Nuit, Robin of the Hood.txt
/mnt/c/Users/nateg/OneDrive/Documentos/GitHub/human/reboot/A Walk Through The City - And Some History.txt
/mnt/c/Users/nateg/OneDrive/Documentos/GitHub/human/reboot/A Walk in The City (II).txt
/mnt/c/Users/nateg/OneDrive/Documentos/GitHub/human/reboot/AI and Adoration.txt
/mnt/c/Users/nateg/OneDrive/Documentos/GitHub/human/reboot/AI ⧸ HAHS (Human-Articulated Heuristic Systems).txt
/mnt/c/Users/nateg/OneDrive/Documentos/GitHub/human/reboot/Abstract 'Knowledge' ：｜： The Catastrophe of Writing.txt
/mnt/c/Users/nateg/OneDrive/Documentos/GitHub/human/reboot/Abstraction ： When Utility Overcomes Intelligence.txt
/mnt/c/Users/nateg/OneDrive/Documentos/GitHub/human/reboot/Ad Hominem ｜ Woke-ish 'Feminist' Ideology.txt
/mnt/c/Users/nateg/OneDrive/Documentos/GitHub/human/reboot/Aion 9.txt
/mnt/c/Users/nateg/OneDrive/Documentos/GitHub/human/reboot/Akemba 14： Imagination, Time, Worlds.txt
/mnt/c/Users/nateg/OneDrive/Documentos/GitHub/human/reboot/Alan Steinfeld ⧸ Henrietta Weeks ： In Conversation.txt
/mnt/c/Users/nateg/OneDrive/Documentos/GitHub/human/reboot/Alan Steinfeld ⧸ Henrietta Weeks ： UFOs ⧸ Human Nature ⧸ The Future.txt
/mnt/c/Users/nateg/OneDrive/Documentos/GitHub/human/reboot/Amaton 6： The Golem.txt
/mnt/c/Users/nateg/OneDrive/Documentos/GitHub/human/reboot/Ambiguity ⧸ Disambiguation.txt
/mnt/c/Users/nateg/OneDrive/Documentos/GitHub/human/reboot/America： The Prison-Disneyland of Lies.txt
/mnt/c/Users/nateg/OneDrive/Documentos/GitHub/human/reboot/Ammon HIllman's 'Priorities' ： Anamnesis ： The Musea.txt
/mnt/c/Users/nateg/OneDrive/Documentos/GitHub/human/reboot/Ammon Hillman, Medusae, 'Knowledge'.txt
/mnt/c/Users/nateg/OneDrive/Documentos/GitHub/human/reboot/An Improvisation ｜ Invention vs Subscription.txt
/mnt/c/Users/nateg/OneDrive/Documentos/GitHub/human/reboot/An Update from the Garden.txt
/mnt/c/Users/nateg/OneDrive/Documentos/GitHub/human/reboot/Anamnesis ： The Direction Toward Origin Within Us.txt
/mnt/c/Users/nateg/OneDrive/Documentos/GitHub/human/reboot/Anomaly, Memory, Beyond.txt
/mnt/c/Users/nateg/OneDrive/Documentos/GitHub/human/reboot/Ant Mating Flight.txt
/mnt/c/Users/nateg/OneDrive/Documentos/GitHub/human/reboot/Ants transporting larvae.txt
/mnt/c/Users/nateg/OneDrive/Documentos/GitHub/human/reboot/Arado 33： Paradox and Orders of Reference.txt
/mnt/c/Users/nateg/OneDrive/Documentos/GitHub/human/reboot/Are Minds Separate？ Footnotes.txt
/mnt/c/Users/nateg/OneDrive/Documentos/GitHub/human/reboot/Are Minds Separate？.txt
/mnt/c/Users/nateg/OneDrive/Documentos/GitHub/human/reboot/Artificial Space ⧸ Organic (natural) Environments.txt
/mnt/c/Users/nateg/OneDrive/Documentos/GitHub/human/reboot/Atasm 19 ： Who am I？.txt
/mnt/c/Users/nateg/OneDrive/Documentos/GitHub/human/reboot/Attacking the Supercontainer.txt
/mnt/c/Users/nateg/OneDrive/Documentos/GitHub/human/reboot/Authorial Minds： Possession vs Composition.txt
/mnt/c/Users/nateg/OneDrive/Documentos/GitHub/human/reboot/Authorization ： A Key Aspect of Human Cognition — and Behavior.txt
/mnt/c/Users/nateg/OneDrive/Documentos/GitHub/human/reboot/Avabava 4 ： Undividualizer.txt
/mnt/c/Users/nateg/OneDrive/Documentos/GitHub/human/reboot/Averoigne 17.txt
/mnt/c/Users/nateg/OneDrive/Documentos/GitHub/human/reboot/Awake.txt
/mnt/c/Users/nateg/OneDrive/Documentos/GitHub/human/reboot/Awareness & The Nonverbal Aspects of Sensemaking.txt
/mnt/c/Users/nateg/OneDrive/Documentos/GitHub/human/reboot/Backwards： The Priorities of Society vs Awareness.txt
/mnt/c/Users/nateg/OneDrive/Documentos/GitHub/human/reboot/Bala Pillai - In Conversation.txt
/mnt/c/Users/nateg/OneDrive/Documentos/GitHub/human/reboot/Balance： Between Prehension and Cognition.txt
/mnt/c/Users/nateg/OneDrive/Documentos/GitHub/human/reboot/Battle Girl (Mac OS)： Sybaris ： Welcome to the Gods.txt
/mnt/c/Users/nateg/OneDrive/Documentos/GitHub/human/reboot/Bees, Cars, Angles, Angels ： Gaps & Structure.txt
/mnt/c/Users/nateg/OneDrive/Documentos/GitHub/human/reboot/Being ‘Tested’： When Things Go Sideways.txt
/mnt/c/Users/nateg/OneDrive/Documentos/GitHub/human/reboot/Beliefs vs Insight ： The Negotiation of Identity.txt
/mnt/c/Users/nateg/OneDrive/Documentos/GitHub/human/reboot/Beyond Culture： Into Nature — The 'Second Birth'.txt
/mnt/c/Users/nateg/OneDrive/Documentos/GitHub/human/reboot/Beyond science, religion, and expertise： Unknowing together..txt
/mnt/c/Users/nateg/OneDrive/Documentos/GitHub/human/reboot/Biorelational Time ｜ Minds ｜ Souls ｜ Organs.txt
/mnt/c/Users/nateg/OneDrive/Documentos/GitHub/human/reboot/Birdwalk, July 30th, 2021.txt
/mnt/c/Users/nateg/OneDrive/Documentos/GitHub/human/reboot/Birdwalking： Forms of Awareness (Waking⧸Dreaming⧸Trance⧸Language).txt
/mnt/c/Users/nateg/OneDrive/Documentos/GitHub/human/reboot/Birdwalking： Phrenia and Prodigy, Intelligent Conversations, Agreement »Before Debates.txt
/mnt/c/Users/nateg/OneDrive/Documentos/GitHub/human/reboot/Birdwalk： Buried in Signals and Noise.txt
/mnt/c/Users/nateg/OneDrive/Documentos/GitHub/human/reboot/Blue 17： Where are qualities？ Superstars..txt
/mnt/c/Users/nateg/OneDrive/Documentos/GitHub/human/reboot/Born Gentle.txt
/mnt/c/Users/nateg/OneDrive/Documentos/GitHub/human/reboot/Boundaries and the Urgency of Maintaining Them.txt
/mnt/c/Users/nateg/OneDrive/Documentos/GitHub/human/reboot/Brains, Birds, Vigilance： Capturing Nervous Systems.txt
/mnt/c/Users/nateg/OneDrive/Documentos/GitHub/human/reboot/Burroughs ⧸ Magic ⧸ Language.txt
/mnt/c/Users/nateg/OneDrive/Documentos/GitHub/human/reboot/Calling Out Culture： A Toxic Divergence from The Potential for Mutual Excellence.txt
/mnt/c/Users/nateg/OneDrive/Documentos/GitHub/human/reboot/Casual analysis of Coyote⧸Magpie Feeding Video.txt
/mnt/c/Users/nateg/OneDrive/Documentos/GitHub/human/reboot/Caterpillar.txt
/mnt/c/Users/nateg/OneDrive/Documentos/GitHub/human/reboot/Charles Schulz ： He was showing a secret.....txt
/mnt/c/Users/nateg/OneDrive/Documentos/GitHub/human/reboot/Christmas & Criticism ： Myths and Their Origins.txt
/mnt/c/Users/nateg/OneDrive/Documentos/GitHub/human/reboot/Circumstances： Our Stance in the Circle of Life.txt
/mnt/c/Users/nateg/OneDrive/Documentos/GitHub/human/reboot/Clothing and Color.txt
/mnt/c/Users/nateg/OneDrive/Documentos/GitHub/human/reboot/Cognition： Thinking about misfortune.txt
/mnt/c/Users/nateg/OneDrive/Documentos/GitHub/human/reboot/Complaint and Blame or Change our World, Now, Together？.txt
/mnt/c/Users/nateg/OneDrive/Documentos/GitHub/human/reboot/Con no tation.txt
/mnt/c/Users/nateg/OneDrive/Documentos/GitHub/human/reboot/Consciousness ｜ God.txt
/mnt/c/Users/nateg/OneDrive/Documentos/GitHub/human/reboot/Contact with Nonhuman Intelligence： VALIS and Beyond.txt
/mnt/c/Users/nateg/OneDrive/Documentos/GitHub/human/reboot/Controlling Nature, Pandemic Ignorance, Categories, and Visiting the Bath House.txt
/mnt/c/Users/nateg/OneDrive/Documentos/GitHub/human/reboot/Cooking with Steve.txt
/mnt/c/Users/nateg/OneDrive/Documentos/GitHub/human/reboot/Coot Combat at Stow Lake.txt
/mnt/c/Users/nateg/OneDrive/Documentos/GitHub/human/reboot/Cormorant 31 ： What is Identity？.txt
/mnt/c/Users/nateg/OneDrive/Documentos/GitHub/human/reboot/Creation Story Image by Wayne Rector.txt
/mnt/c/Users/nateg/OneDrive/Documentos/GitHub/human/reboot/Crosshairs Evade Every Indictment.txt
/mnt/c/Users/nateg/OneDrive/Documentos/GitHub/human/reboot/Cypher 3： The Sky, The Garden, The Construct： Portals.txt
/mnt/c/Users/nateg/OneDrive/Documentos/GitHub/human/reboot/Daemons.txt
/mnt/c/Users/nateg/OneDrive/Documentos/GitHub/human/reboot/Darkness.txt
/mnt/c/Users/nateg/OneDrive/Documentos/GitHub/human/reboot/Death.txt
/mnt/c/Users/nateg/OneDrive/Documentos/GitHub/human/reboot/Declaration vs Invitation： the keys to intelligence.txt
/mnt/c/Users/nateg/OneDrive/Documentos/GitHub/human/reboot/Delicacy.txt
/mnt/c/Users/nateg/OneDrive/Documentos/GitHub/human/reboot/Desire ： Aversion ｜ The Problem With Nouns.txt
/mnt/c/Users/nateg/OneDrive/Documentos/GitHub/human/reboot/Disambiguation： The Immune System, Police and Societal Analogies.txt
/mnt/c/Users/nateg/OneDrive/Documentos/GitHub/human/reboot/Disambiguation： The Waking Mind’s Power is its Achilles Heel.....txt
/mnt/c/Users/nateg/OneDrive/Documentos/GitHub/human/reboot/Distinction ｜ Reunion.txt
/mnt/c/Users/nateg/OneDrive/Documentos/GitHub/human/reboot/Distinguishing： Purpose and the Derivation of Identity.txt
/mnt/c/Users/nateg/OneDrive/Documentos/GitHub/human/reboot/Dreaming & Awareness ⧸ Novelty in Relation.txt
/mnt/c/Users/nateg/OneDrive/Documentos/GitHub/human/reboot/Dreaming (2)： Explorations.txt
/mnt/c/Users/nateg/OneDrive/Documentos/GitHub/human/reboot/Dreaming and the Origins of Formal Waking Consciousness.txt
/mnt/c/Users/nateg/OneDrive/Documentos/GitHub/human/reboot/Dysregulation of the Oneiric Cycle ｜ The Dream Assassin.txt
/mnt/c/Users/nateg/OneDrive/Documentos/GitHub/human/reboot/Eclipse ⧸ The Flood.txt
/mnt/c/Users/nateg/OneDrive/Documentos/GitHub/human/reboot/Edmund Carpenter's： Oh, What a Blow That Phantom Gave Me!.txt
/mnt/c/Users/nateg/OneDrive/Documentos/GitHub/human/reboot/Edmund Carpenter： Oh, What a Blow that Phantom Gave Me!.txt
/mnt/c/Users/nateg/OneDrive/Documentos/GitHub/human/reboot/Emergent Embryogenesis ⧸ Anomalies and Science.txt
/mnt/c/Users/nateg/OneDrive/Documentos/GitHub/human/reboot/Emotion, Introspection... Imagining Oneself.txt
/mnt/c/Users/nateg/OneDrive/Documentos/GitHub/human/reboot/Enlightenment.txt
/mnt/c/Users/nateg/OneDrive/Documentos/GitHub/human/reboot/Entrexion A ： A Conversation with Tyler ： Pt 1.txt
/mnt/c/Users/nateg/OneDrive/Documentos/GitHub/human/reboot/Equinon 77： Cogniscia, the mimula, thrisps.txt
/mnt/c/Users/nateg/OneDrive/Documentos/GitHub/human/reboot/Eric Weinstein vs Tyler Cowen： The Art of Intellectual Tui Shou.txt
/mnt/c/Users/nateg/OneDrive/Documentos/GitHub/human/reboot/Eric Weinstein, Zombie Functions, The 2018 problem... a birdwalk (repaired).txt
/mnt/c/Users/nateg/OneDrive/Documentos/GitHub/human/reboot/Excerpts from The Meaning of Man (the foundations of the science of knowledge).txt
/mnt/c/Users/nateg/OneDrive/Documentos/GitHub/human/reboot/Extrapolation ｜ Projection ｜ Tactical Intelligence in Crisis.txt
/mnt/c/Users/nateg/OneDrive/Documentos/GitHub/human/reboot/False Collectives： Doctors are Deadly ： What is disease？.txt
/mnt/c/Users/nateg/OneDrive/Documentos/GitHub/human/reboot/False Collectives： Fake Activism and Social Media.txt
/mnt/c/Users/nateg/OneDrive/Documentos/GitHub/human/reboot/False stars, false collectives. Snakes... or ladders？.txt
/mnt/c/Users/nateg/OneDrive/Documentos/GitHub/human/reboot/Falsely Driven Authorities： Science and Religion are Lethal.txt
/mnt/c/Users/nateg/OneDrive/Documentos/GitHub/human/reboot/Fascism, Beauty and Truth.txt
/mnt/c/Users/nateg/OneDrive/Documentos/GitHub/human/reboot/Figuration, Alpha-Thinking, Beta-Thinking and Representational Cognition.txt
/mnt/c/Users/nateg/OneDrive/Documentos/GitHub/human/reboot/First Moves ｜ Categories and Route.txt
/mnt/c/Users/nateg/OneDrive/Documentos/GitHub/human/reboot/Framing ｜ Frame Collapse ｜ Isolation.txt
/mnt/c/Users/nateg/OneDrive/Documentos/GitHub/human/reboot/Framing ｜ Frame Collapse ｜ The Bible.txt
/mnt/c/Users/nateg/OneDrive/Documentos/GitHub/human/reboot/Fundamentals & Physical Analogies.txt
/mnt/c/Users/nateg/OneDrive/Documentos/GitHub/human/reboot/Game Theory ⧸ Single Encounter Ethics ⧸ Beyond.txt
/mnt/c/Users/nateg/OneDrive/Documentos/GitHub/human/reboot/Geneon 43： Origin, Dimensionality, Gender and Divinity.txt
/mnt/c/Users/nateg/OneDrive/Documentos/GitHub/human/reboot/Generality, Insight and »Encryption.txt
/mnt/c/Users/nateg/OneDrive/Documentos/GitHub/human/reboot/Genius ： Categories and the Character of Our Essential Humanity.txt
/mnt/c/Users/nateg/OneDrive/Documentos/GitHub/human/reboot/Gentle Vocalizations.txt
/mnt/c/Users/nateg/OneDrive/Documentos/GitHub/human/reboot/Getting Truth Wrong - And Consequences.txt
/mnt/c/Users/nateg/OneDrive/Documentos/GitHub/human/reboot/Gratitude ｜ Blessings.txt
/mnt/c/Users/nateg/OneDrive/Documentos/GitHub/human/reboot/Hand Games.txt
/mnt/c/Users/nateg/OneDrive/Documentos/GitHub/human/reboot/Hand Toy V 1 - Beta.m4v.txt
/mnt/c/Users/nateg/OneDrive/Documentos/GitHub/human/reboot/Haîma ： Hymen { Blood ｜ Sewing together }  Transfer ｜ Bonding.txt
/mnt/c/Users/nateg/OneDrive/Documentos/GitHub/human/reboot/Head Games.txt
/mnt/c/Users/nateg/OneDrive/Documentos/GitHub/human/reboot/Hemispheric Lateralization ⧸ Political Polarities.txt
/mnt/c/Users/nateg/OneDrive/Documentos/GitHub/human/reboot/Holophores： Organisms are Peoples.txt
/mnt/c/Users/nateg/OneDrive/Documentos/GitHub/human/reboot/Holophores： Time (Beta1).txt
/mnt/c/Users/nateg/OneDrive/Documentos/GitHub/human/reboot/Home.txt
/mnt/c/Users/nateg/OneDrive/Documentos/GitHub/human/reboot/Hypertopics - & ( i so late ion ).txt
/mnt/c/Users/nateg/OneDrive/Documentos/GitHub/human/reboot/Ichneumon Wasp (suggest HD).txt
/mnt/c/Users/nateg/OneDrive/Documentos/GitHub/human/reboot/Identity & The Problem with Things.txt
/mnt/c/Users/nateg/OneDrive/Documentos/GitHub/human/reboot/Identity ｜ Language ｜ Knowledge.txt
/mnt/c/Users/nateg/OneDrive/Documentos/GitHub/human/reboot/Imagination ⧸ Intellect ： ＂Modes of Justice＂.txt
/mnt/c/Users/nateg/OneDrive/Documentos/GitHub/human/reboot/Imagination ： The Basis of Consciousness.txt
/mnt/c/Users/nateg/OneDrive/Documentos/GitHub/human/reboot/Imagination ｜ Perspective ： Far Away ｜ So Close.txt
/mnt/c/Users/nateg/OneDrive/Documentos/GitHub/human/reboot/Imnumen 61： RepCog, The Meronymic Web, Animals.txt
/mnt/c/Users/nateg/OneDrive/Documentos/GitHub/human/reboot/In Dependence ： Humans are Pod Animals.txt
/mnt/c/Users/nateg/OneDrive/Documentos/GitHub/human/reboot/Incarnation & the Soul： The Great Quest.txt
/mnt/c/Users/nateg/OneDrive/Documentos/GitHub/human/reboot/Inception, Possession and Initiatory Death ⧸ Resurrection.txt
/mnt/c/Users/nateg/OneDrive/Documentos/GitHub/human/reboot/Inner Archaeology： Mindcrafting.txt
/mnt/c/Users/nateg/OneDrive/Documentos/GitHub/human/reboot/Insight.txt
/mnt/c/Users/nateg/OneDrive/Documentos/GitHub/human/reboot/Intelligence II： Sapiens Aren't ⧸ Hitchhiking.txt
/mnt/c/Users/nateg/OneDrive/Documentos/GitHub/human/reboot/Intelligence and Surveillance ： Views.txt
/mnt/c/Users/nateg/OneDrive/Documentos/GitHub/human/reboot/Intelligence or Dissociation？.txt
/mnt/c/Users/nateg/OneDrive/Documentos/GitHub/human/reboot/Intelligence.txt
/mnt/c/Users/nateg/OneDrive/Documentos/GitHub/human/reboot/Interpreting the Gap ｜ Discontinuity and Emotion.txt
/mnt/c/Users/nateg/OneDrive/Documentos/GitHub/human/reboot/Invocation ｜ Evocation.txt
/mnt/c/Users/nateg/OneDrive/Documentos/GitHub/human/reboot/Iphetios 20： Multibird.txt
/mnt/c/Users/nateg/OneDrive/Documentos/GitHub/human/reboot/Is space(time) 'pure' potential -intelligence-？.txt
/mnt/c/Users/nateg/OneDrive/Documentos/GitHub/human/reboot/Is the 'Universe' a 'Simulation'？.txt
/mnt/c/Users/nateg/OneDrive/Documentos/GitHub/human/reboot/Jobs vs Roles.txt
/mnt/c/Users/nateg/OneDrive/Documentos/GitHub/human/reboot/Kephab 32： The Precedence of Unity.txt
/mnt/c/Users/nateg/OneDrive/Documentos/GitHub/human/reboot/Keys to Beyond： What is time？ What is 'an organism＂？.txt
/mnt/c/Users/nateg/OneDrive/Documentos/GitHub/human/reboot/Language： Denotation, Connotation & Idealization.txt
/mnt/c/Users/nateg/OneDrive/Documentos/GitHub/human/reboot/Light on the Waters.txt
/mnt/c/Users/nateg/OneDrive/Documentos/GitHub/human/reboot/Light, Time, Reflections.txt
/mnt/c/Users/nateg/OneDrive/Documentos/GitHub/human/reboot/Lisance 3： Distance under unity as light⧸time..txt
/mnt/c/Users/nateg/OneDrive/Documentos/GitHub/human/reboot/Listening ｜ Slowing Down ｜ Syntropy.txt
/mnt/c/Users/nateg/OneDrive/Documentos/GitHub/human/reboot/Living Time： The Pulse of Life.txt
/mnt/c/Users/nateg/OneDrive/Documentos/GitHub/human/reboot/Luca Rade - Liquid Conversation Part 2.txt
/mnt/c/Users/nateg/OneDrive/Documentos/GitHub/human/reboot/Luca Rade - Liquid Conversation Part 3.txt
/mnt/c/Users/nateg/OneDrive/Documentos/GitHub/human/reboot/Luca Rade - Liquid Conversation Part 4.txt
/mnt/c/Users/nateg/OneDrive/Documentos/GitHub/human/reboot/Luca Rade — Liquid Conversation Part 1.txt
/mnt/c/Users/nateg/OneDrive/Documentos/GitHub/human/reboot/Lucidty ｜ Dreaming and Waking.txt
/mnt/c/Users/nateg/OneDrive/Documentos/GitHub/human/reboot/Machines Between Us ｜ The Cage.txt
/mnt/c/Users/nateg/OneDrive/Documentos/GitHub/human/reboot/Magic ｜ Knowledge ｜ Intimacy.txt
/mnt/c/Users/nateg/OneDrive/Documentos/GitHub/human/reboot/Mastered By Our Tools.txt
/mnt/c/Users/nateg/OneDrive/Documentos/GitHub/human/reboot/Measurement ： Speech ： Authorization.txt
/mnt/c/Users/nateg/OneDrive/Documentos/GitHub/human/reboot/Memef•ck'd： Make a Stand.txt
/mnt/c/Users/nateg/OneDrive/Documentos/GitHub/human/reboot/Memef＊ck'd： The Mystic's Dream.txt
/mnt/c/Users/nateg/OneDrive/Documentos/GitHub/human/reboot/Memory and Intelligence： The Inner Mirror.txt
/mnt/c/Users/nateg/OneDrive/Documentos/GitHub/human/reboot/Memory ｜ Memorial Day.txt
/mnt/c/Users/nateg/OneDrive/Documentos/GitHub/human/reboot/Memory, Narratives & Identity： The Celestial Braid.txt
/mnt/c/Users/nateg/OneDrive/Documentos/GitHub/human/reboot/Memory.txt
/mnt/c/Users/nateg/OneDrive/Documentos/GitHub/human/reboot/Metalanguage.txt
/mnt/c/Users/nateg/OneDrive/Documentos/GitHub/human/reboot/Mind the gap — A Pathology of Intervals.txt
/mnt/c/Users/nateg/OneDrive/Documentos/GitHub/human/reboot/Mind, Memory and The Human Cogniscium.txt
/mnt/c/Users/nateg/OneDrive/Documentos/GitHub/human/reboot/Mindfulness, Musashi, Zen — Using Attention to Calm the Mind.txt
/mnt/c/Users/nateg/OneDrive/Documentos/GitHub/human/reboot/Minds & Structured Fictions.txt
/mnt/c/Users/nateg/OneDrive/Documentos/GitHub/human/reboot/Minds： Beyond Human Culture.txt
/mnt/c/Users/nateg/OneDrive/Documentos/GitHub/human/reboot/Mistaken Identity： When Nouns Decieve.txt
/mnt/c/Users/nateg/OneDrive/Documentos/GitHub/human/reboot/Mnemonium 7： Memory and Intelligence.txt
/mnt/c/Users/nateg/OneDrive/Documentos/GitHub/human/reboot/Modern Thrisp Gambits ⧸ Crisis & Gratitude.txt
/mnt/c/Users/nateg/OneDrive/Documentos/GitHub/human/reboot/Modes of Awareness ｜ Recursion ｜ Feedback.txt
/mnt/c/Users/nateg/OneDrive/Documentos/GitHub/human/reboot/More Than Human (II).txt
/mnt/c/Users/nateg/OneDrive/Documentos/GitHub/human/reboot/More Than Human ⧸ Extraordinary Knowing.txt
/mnt/c/Users/nateg/OneDrive/Documentos/GitHub/human/reboot/More than Human.txt
/mnt/c/Users/nateg/OneDrive/Documentos/GitHub/human/reboot/Music.txt
/mnt/c/Users/nateg/OneDrive/Documentos/GitHub/human/reboot/My Dad and I play a little Guitar - July 8 2012.txt
/mnt/c/Users/nateg/OneDrive/Documentos/GitHub/human/reboot/My People ｜ The Siren ｜ Molting.txt
/mnt/c/Users/nateg/OneDrive/Documentos/GitHub/human/reboot/Mystery and Anomalies.txt
/mnt/c/Users/nateg/OneDrive/Documentos/GitHub/human/reboot/NS Capture, Cats, Darwin's Actual Scope....txt
/mnt/c/Users/nateg/OneDrive/Documentos/GitHub/human/reboot/Nature, Truthfulness & Constructs.txt
/mnt/c/Users/nateg/OneDrive/Documentos/GitHub/human/reboot/Networks of Light.txt
/mnt/c/Users/nateg/OneDrive/Documentos/GitHub/human/reboot/Neuromorphosis - In Conversation with Lee Gerrard Barlow ( Part I ).txt
/mnt/c/Users/nateg/OneDrive/Documentos/GitHub/human/reboot/Neuromorphosis 2： In Conversation with Lee Gerrard Barlow (Part 2).txt
/mnt/c/Users/nateg/OneDrive/Documentos/GitHub/human/reboot/Night Thoughts.txt
/mnt/c/Users/nateg/OneDrive/Documentos/GitHub/human/reboot/Normality - The Problem of Normalization.txt
/mnt/c/Users/nateg/OneDrive/Documentos/GitHub/human/reboot/Normative Generalizations and Policing of ‘Norms’.txt
/mnt/c/Users/nateg/OneDrive/Documentos/GitHub/human/reboot/Nothing to See ： There's No There, There (UFO⧸UAP).txt
/mnt/c/Users/nateg/OneDrive/Documentos/GitHub/human/reboot/Novelty.txt
/mnt/c/Users/nateg/OneDrive/Documentos/GitHub/human/reboot/Observation & Identity： The Origins of Sentinel Processes in Consciousness.txt
/mnt/c/Users/nateg/OneDrive/Documentos/GitHub/human/reboot/Observation ｜ Time ｜ Intent.txt
/mnt/c/Users/nateg/OneDrive/Documentos/GitHub/human/reboot/Observation(s).txt
/mnt/c/Users/nateg/OneDrive/Documentos/GitHub/human/reboot/On Original Participation in Owen Barfield's Saving the Appearances (a Study in Idolatry).txt
/mnt/c/Users/nateg/OneDrive/Documentos/GitHub/human/reboot/One Animal as Many ｜ Multibird.txt
/mnt/c/Users/nateg/OneDrive/Documentos/GitHub/human/reboot/Oneirocritica ： The Dream Dictionary and Representational Cognition.txt
/mnt/c/Users/nateg/OneDrive/Documentos/GitHub/human/reboot/Organisms are Modes of Timespace — Intelligent Reambiguation.txt
/mnt/c/Users/nateg/OneDrive/Documentos/GitHub/human/reboot/Organisms, Spiderwebs, Assembly Theory.txt
/mnt/c/Users/nateg/OneDrive/Documentos/GitHub/human/reboot/Orphorea 19： The Precedence of Unity.txt
/mnt/c/Users/nateg/OneDrive/Documentos/GitHub/human/reboot/Ostralis 7 ： SunFather.txt
/mnt/c/Users/nateg/OneDrive/Documentos/GitHub/human/reboot/Otopede 11： The Amphitheatre.txt
/mnt/c/Users/nateg/OneDrive/Documentos/GitHub/human/reboot/Our Hidden Humanity ｜ Interiorty vs Culture.txt
/mnt/c/Users/nateg/OneDrive/Documentos/GitHub/human/reboot/Our Interiority： Beyond Norms and Generalizations.txt
/mnt/c/Users/nateg/OneDrive/Documentos/GitHub/human/reboot/Our Models, Our Experts： Mostly Wrong, Most of the Time.txt
/mnt/c/Users/nateg/OneDrive/Documentos/GitHub/human/reboot/Our Myth of the Nuclear Family is Broken.txt
/mnt/c/Users/nateg/OneDrive/Documentos/GitHub/human/reboot/Our Nonordinary Faculties ｜ The Undiscovered Country.txt
/mnt/c/Users/nateg/OneDrive/Documentos/GitHub/human/reboot/Pace and Opportunity： The Disaster of Acceleration.txt
/mnt/c/Users/nateg/OneDrive/Documentos/GitHub/human/reboot/Paradise 9： This is all the worlds..txt
/mnt/c/Users/nateg/OneDrive/Documentos/GitHub/human/reboot/Paranormality vs Modernity.txt
/mnt/c/Users/nateg/OneDrive/Documentos/GitHub/human/reboot/Part 1 - Ryan First Diver tells the story of the first Beaver Bundle repatriation from Museums.txt
/mnt/c/Users/nateg/OneDrive/Documentos/GitHub/human/reboot/Part 1： A Conversation With Mark K. Charlton-Davis.txt
/mnt/c/Users/nateg/OneDrive/Documentos/GitHub/human/reboot/Part 2 - Ryan First Diver tells the story of the first Beaver Bundle repatriation from Museums.txt
/mnt/c/Users/nateg/OneDrive/Documentos/GitHub/human/reboot/Part 2： A Conversation With Mark K. Charlton-Davis.txt
/mnt/c/Users/nateg/OneDrive/Documentos/GitHub/human/reboot/Part 3 - Ryan First Diver tells the story of the first Beaver Bundle repatriation from Museums.txt
/mnt/c/Users/nateg/OneDrive/Documentos/GitHub/human/reboot/Part 3： A Conversation With Mark K. Charlton-Davis.txt
/mnt/c/Users/nateg/OneDrive/Documentos/GitHub/human/reboot/Part 4 - Ryan First Diver tells the story of the first Beaver Bundle repatriation from Museums.txt
/mnt/c/Users/nateg/OneDrive/Documentos/GitHub/human/reboot/Part 4： A Conversation With Mark K. Charlton-Davis.txt
/mnt/c/Users/nateg/OneDrive/Documentos/GitHub/human/reboot/Part 5 - Ryan First Diver tells the story of the first Beaver Bundle repatriation from Museums.txt
/mnt/c/Users/nateg/OneDrive/Documentos/GitHub/human/reboot/Part 6 - Ryan First Diver tells the story of the first Beaver Bundle repatriation from Museums.txt
/mnt/c/Users/nateg/OneDrive/Documentos/GitHub/human/reboot/Part 7 - Ryan First Diver tells the story of the first Beaver Bundle repatriation from Museums.txt
/mnt/c/Users/nateg/OneDrive/Documentos/GitHub/human/reboot/Passages from Sufism and Surrealism (Adonis) pp 134-136.txt
/mnt/c/Users/nateg/OneDrive/Documentos/GitHub/human/reboot/Passages from Sufism and Surrealism.txt
/mnt/c/Users/nateg/OneDrive/Documentos/GitHub/human/reboot/People and their Animals.txt
/mnt/c/Users/nateg/OneDrive/Documentos/GitHub/human/reboot/Perspective and Perception.txt
/mnt/c/Users/nateg/OneDrive/Documentos/GitHub/human/reboot/Phenological Engagement： Stow Lake Blue Heron Social Tree.txt
/mnt/c/Users/nateg/OneDrive/Documentos/GitHub/human/reboot/Phenology, Time and Synchronization.txt
/mnt/c/Users/nateg/OneDrive/Documentos/GitHub/human/reboot/Phyllia 0⧸1 ： Pollens： The Living Dusts ( Bees ？ Angels ).txt
/mnt/c/Users/nateg/OneDrive/Documentos/GitHub/human/reboot/Physics as Information  ： The Irony of Science ： Nuclear War.txt
/mnt/c/Users/nateg/OneDrive/Documentos/GitHub/human/reboot/Physics： The Problem of Function as Identity.txt
/mnt/c/Users/nateg/OneDrive/Documentos/GitHub/human/reboot/Potemkin 19： Identity： Self and Mind.txt
/mnt/c/Users/nateg/OneDrive/Documentos/GitHub/human/reboot/Precognition.txt
/mnt/c/Users/nateg/OneDrive/Documentos/GitHub/human/reboot/Prediction.txt
/mnt/c/Users/nateg/OneDrive/Documentos/GitHub/human/reboot/Privacy ： The Disappearing Necessity.txt
/mnt/c/Users/nateg/OneDrive/Documentos/GitHub/human/reboot/Prodigy and Context.txt
/mnt/c/Users/nateg/OneDrive/Documentos/GitHub/human/reboot/Public and Personal Cults are Deadly Fictions.txt
/mnt/c/Users/nateg/OneDrive/Documentos/GitHub/human/reboot/Purpose & Context.txt
/mnt/c/Users/nateg/OneDrive/Documentos/GitHub/human/reboot/Purpose and Evolution ： It's Not Competition. It's Uplift.txt
/mnt/c/Users/nateg/OneDrive/Documentos/GitHub/human/reboot/Purpose, Courtship, Orgasm.txt
/mnt/c/Users/nateg/OneDrive/Documentos/GitHub/human/reboot/Qualia ： 5： Wave, Nucleation, ‘Individuals’.txt
/mnt/c/Users/nateg/OneDrive/Documentos/GitHub/human/reboot/Qualities ： Scope and Reference.txt
/mnt/c/Users/nateg/OneDrive/Documentos/GitHub/human/reboot/Questions and Questing.txt
/mnt/c/Users/nateg/OneDrive/Documentos/GitHub/human/reboot/Questions and Quests.txt
/mnt/c/Users/nateg/OneDrive/Documentos/GitHub/human/reboot/Recovering Human History from Within ⧸ Origins of Colonization.txt
/mnt/c/Users/nateg/OneDrive/Documentos/GitHub/human/reboot/Reflections and The Material Universe.txt
/mnt/c/Users/nateg/OneDrive/Documentos/GitHub/human/reboot/Reflections on Dreaming.txt
/mnt/c/Users/nateg/OneDrive/Documentos/GitHub/human/reboot/Reflections： Ideas and Suppositions.txt
/mnt/c/Users/nateg/OneDrive/Documentos/GitHub/human/reboot/Relation(ship) ｜ Living Places.txt
/mnt/c/Users/nateg/OneDrive/Documentos/GitHub/human/reboot/Remains of a Raptor Kill at SF Botanical Gardens.txt
/mnt/c/Users/nateg/OneDrive/Documentos/GitHub/human/reboot/Rememberer.txt
/mnt/c/Users/nateg/OneDrive/Documentos/GitHub/human/reboot/Remembering.txt
/mnt/c/Users/nateg/OneDrive/Documentos/GitHub/human/reboot/Reputation in Relation.txt
/mnt/c/Users/nateg/OneDrive/Documentos/GitHub/human/reboot/Resonance.txt
/mnt/c/Users/nateg/OneDrive/Documentos/GitHub/human/reboot/Responding to Failure, Pain and Death.txt
/mnt/c/Users/nateg/OneDrive/Documentos/GitHub/human/reboot/Ric ： Est.txt
/mnt/c/Users/nateg/OneDrive/Documentos/GitHub/human/reboot/Ryan First Diver - The First Repatriation of a Blackfoot Beaver Bundle.txt
/mnt/c/Users/nateg/OneDrive/Documentos/GitHub/human/reboot/SHOUJO： Nature, Ecology, and Omnicide： We Must Intervene, Now.txt
/mnt/c/Users/nateg/OneDrive/Documentos/GitHub/human/reboot/San Francisco： The Ravens Have Changed.txt
/mnt/c/Users/nateg/OneDrive/Documentos/GitHub/human/reboot/Sarah Janes and Lee Gerrard Barlow ： Mesmeric Dreaming.txt
/mnt/c/Users/nateg/OneDrive/Documentos/GitHub/human/reboot/Scare the Rectangles II.txt
/mnt/c/Users/nateg/OneDrive/Documentos/GitHub/human/reboot/Scare the Rectangles III.txt
/mnt/c/Users/nateg/OneDrive/Documentos/GitHub/human/reboot/Scare the Rectangles.txt
/mnt/c/Users/nateg/OneDrive/Documentos/GitHub/human/reboot/Science and Abstraction.txt
/mnt/c/Users/nateg/OneDrive/Documentos/GitHub/human/reboot/Science or Religion？ Both and Neither： Go Beyond.txt
/mnt/c/Users/nateg/OneDrive/Documentos/GitHub/human/reboot/Scrub Jay Caching Nuts.txt
/mnt/c/Users/nateg/OneDrive/Documentos/GitHub/human/reboot/Seekers & Vehicles.txt
/mnt/c/Users/nateg/OneDrive/Documentos/GitHub/human/reboot/Sheep ： Technology ： Intelligence ... Beyond 'Browsing'.txt
/mnt/c/Users/nateg/OneDrive/Documentos/GitHub/human/reboot/Silverine - first take.txt
/mnt/c/Users/nateg/OneDrive/Documentos/GitHub/human/reboot/Silverine - second take.txt
/mnt/c/Users/nateg/OneDrive/Documentos/GitHub/human/reboot/Sketching The Knowledge Amp： A Mutual Intelligence Synthesis Engine.txt
/mnt/c/Users/nateg/OneDrive/Documentos/GitHub/human/reboot/Sol Invictus： The Moon ： Cain and Abel. Slayer and Mist..txt
/mnt/c/Users/nateg/OneDrive/Documentos/GitHub/human/reboot/SpaceTime and QFT ⧸ Networks of Minds and Worlds.txt
/mnt/c/Users/nateg/OneDrive/Documentos/GitHub/human/reboot/Stairs Like Seven Years.txt
/mnt/c/Users/nateg/OneDrive/Documentos/GitHub/human/reboot/Story Time With Edawg - Boogie Boarding Vision Check.txt
/mnt/c/Users/nateg/OneDrive/Documentos/GitHub/human/reboot/Structure and Violation.txt
/mnt/c/Users/nateg/OneDrive/Documentos/GitHub/human/reboot/Synchrony： The Relativity of Feedback.txt
/mnt/c/Users/nateg/OneDrive/Documentos/GitHub/human/reboot/Tai Chi ： Encryption ： Lensing.txt
/mnt/c/Users/nateg/OneDrive/Documentos/GitHub/human/reboot/Taking the Dream Down： Three(+) Faces of the Dream Assassin.txt
/mnt/c/Users/nateg/OneDrive/Documentos/GitHub/human/reboot/Talk to a Live Human Soul： $0.01.txt
/mnt/c/Users/nateg/OneDrive/Documentos/GitHub/human/reboot/Tangent π ： Problems and frameworks.txt
/mnt/c/Users/nateg/OneDrive/Documentos/GitHub/human/reboot/Temporal Intervals - Short⧸Long Conflict and Processing.txt
/mnt/c/Users/nateg/OneDrive/Documentos/GitHub/human/reboot/Temporalizing： Our ‘Activities’ Create (and Enact) Time-Forms.txt
/mnt/c/Users/nateg/OneDrive/Documentos/GitHub/human/reboot/Textual Restorations.txt
/mnt/c/Users/nateg/OneDrive/Documentos/GitHub/human/reboot/Thanksgiving Aftermath： The Carnival of Projections and Concepts.txt
/mnt/c/Users/nateg/OneDrive/Documentos/GitHub/human/reboot/The  Point of No Return..txt
/mnt/c/Users/nateg/OneDrive/Documentos/GitHub/human/reboot/The 'Travelling Body' ： Earth is a »Vehicle ： Here to Go.txt
/mnt/c/Users/nateg/OneDrive/Documentos/GitHub/human/reboot/The 10 Most Crucial Issues Facing Modern Humanity.txt
/mnt/c/Users/nateg/OneDrive/Documentos/GitHub/human/reboot/The 1st Winter Moon⧸Memory⧸Routes.txt
/mnt/c/Users/nateg/OneDrive/Documentos/GitHub/human/reboot/The 2nd Winter Moon Cycle： Thoughts on Covid-19, Vaccination, VAERS, and Related Topics.txt
/mnt/c/Users/nateg/OneDrive/Documentos/GitHub/human/reboot/The 9th Fiction ( Prisoneering in Human Cognition ).txt
/mnt/c/Users/nateg/OneDrive/Documentos/GitHub/human/reboot/The Absence of No⧸Anti-Antipathy as Insight.txt
/mnt/c/Users/nateg/OneDrive/Documentos/GitHub/human/reboot/The Aliens We Became.txt
/mnt/c/Users/nateg/OneDrive/Documentos/GitHub/human/reboot/The Anciently Conserved Ecologies.txt
/mnt/c/Users/nateg/OneDrive/Documentos/GitHub/human/reboot/The Angry Bumblebee ｜ Silence ｜ Carried to Nectar.txt
/mnt/c/Users/nateg/OneDrive/Documentos/GitHub/human/reboot/The Beetle that Runs....txt
/mnt/c/Users/nateg/OneDrive/Documentos/GitHub/human/reboot/The Big Deception： What they never taught you about the dangers of language (2).txt
/mnt/c/Users/nateg/OneDrive/Documentos/GitHub/human/reboot/The Big Deception： What they never taught you about the dangers of language.txt
/mnt/c/Users/nateg/OneDrive/Documentos/GitHub/human/reboot/The Big Questions II： Who Is Asking？.txt
/mnt/c/Users/nateg/OneDrive/Documentos/GitHub/human/reboot/The Bird in the Mirror ｜ When consciousness and reflection collide..txt
/mnt/c/Users/nateg/OneDrive/Documentos/GitHub/human/reboot/The Blind One ｜ The One Who Sees.txt
/mnt/c/Users/nateg/OneDrive/Documentos/GitHub/human/reboot/The Boiling Water Window.txt
/mnt/c/Users/nateg/OneDrive/Documentos/GitHub/human/reboot/The Camera ⧸ The Eye ⧸ The Soul.txt
/mnt/c/Users/nateg/OneDrive/Documentos/GitHub/human/reboot/The Conversation.txt
/mnt/c/Users/nateg/OneDrive/Documentos/GitHub/human/reboot/The Crying Angel....txt
/mnt/c/Users/nateg/OneDrive/Documentos/GitHub/human/reboot/The ElectroSphere： On the Dangers of the Boxes in our Hands.txt
/mnt/c/Users/nateg/OneDrive/Documentos/GitHub/human/reboot/The Eviction of Dreaming ： Recovery as Hypno-(x)ia.txt
/mnt/c/Users/nateg/OneDrive/Documentos/GitHub/human/reboot/The Evolution of Consciousness⧸Ways of Knowing.txt
/mnt/c/Users/nateg/OneDrive/Documentos/GitHub/human/reboot/The Fake Imperatives ｜ Retrieve the Commons.txt
/mnt/c/Users/nateg/OneDrive/Documentos/GitHub/human/reboot/The Falcon in The Barrel.txt
/mnt/c/Users/nateg/OneDrive/Documentos/GitHub/human/reboot/The First Plane Just Hit the Tower： Misdirection and the Predicament of the Common People.txt
/mnt/c/Users/nateg/OneDrive/Documentos/GitHub/human/reboot/The First Thing.txt
/mnt/c/Users/nateg/OneDrive/Documentos/GitHub/human/reboot/The Flower： On the Before of Adult Evaluations.txt
/mnt/c/Users/nateg/OneDrive/Documentos/GitHub/human/reboot/The Game： All Outcomes Have Transformed.txt
/mnt/c/Users/nateg/OneDrive/Documentos/GitHub/human/reboot/The Garden： Time, Chaos, Transformation... Crossings.txt
/mnt/c/Users/nateg/OneDrive/Documentos/GitHub/human/reboot/The Golem： When the Between of Us Becomes Disease.txt
/mnt/c/Users/nateg/OneDrive/Documentos/GitHub/human/reboot/The Hidden Potentials of Our Human Nature.txt
/mnt/c/Users/nateg/OneDrive/Documentos/GitHub/human/reboot/The Human Cogniscium, Colonization, The Problem of Capture.txt
/mnt/c/Users/nateg/OneDrive/Documentos/GitHub/human/reboot/The Intelligence of the Child ｜ The Ignorance of Societies.txt
/mnt/c/Users/nateg/OneDrive/Documentos/GitHub/human/reboot/The Invisibles.txt
/mnt/c/Users/nateg/OneDrive/Documentos/GitHub/human/reboot/The Ironic Side of Language ： Declarations & ‘Instruction’.txt
/mnt/c/Users/nateg/OneDrive/Documentos/GitHub/human/reboot/The Jape.txt
/mnt/c/Users/nateg/OneDrive/Documentos/GitHub/human/reboot/The Language of Frisson ｜ Mapmaking in Consciousness.txt
/mnt/c/Users/nateg/OneDrive/Documentos/GitHub/human/reboot/The Light of Insight (Ibn Arabi...).txt
/mnt/c/Users/nateg/OneDrive/Documentos/GitHub/human/reboot/The Lost Gods： Fragments of a Conversation.txt
/mnt/c/Users/nateg/OneDrive/Documentos/GitHub/human/reboot/The Mind： What We've Forgotten.txt
/mnt/c/Users/nateg/OneDrive/Documentos/GitHub/human/reboot/The Mirror Pool ｜ Coincidence, Apophenia and Synchronicty.txt
/mnt/c/Users/nateg/OneDrive/Documentos/GitHub/human/reboot/The Most Dangerous Question.txt
/mnt/c/Users/nateg/OneDrive/Documentos/GitHub/human/reboot/The Most Important Question.txt
/mnt/c/Users/nateg/OneDrive/Documentos/GitHub/human/reboot/The Observer Above ： The Landscape of Mind.txt
/mnt/c/Users/nateg/OneDrive/Documentos/GitHub/human/reboot/The One Who is Invisible ｜ The Outer Aspect.txt
/mnt/c/Users/nateg/OneDrive/Documentos/GitHub/human/reboot/The Other Within ： The Reflection Across the Barrier.txt
/mnt/c/Users/nateg/OneDrive/Documentos/GitHub/human/reboot/The Power of Make Believe.txt
/mnt/c/Users/nateg/OneDrive/Documentos/GitHub/human/reboot/The Power of Synchrony： What Happens When We Lose It.txt
/mnt/c/Users/nateg/OneDrive/Documentos/GitHub/human/reboot/The Pretty Trap： Looking Into Language ｜ Knowledge.txt
/mnt/c/Users/nateg/OneDrive/Documentos/GitHub/human/reboot/The Prison of Knowledge ⧸ Cognitive Activism ⧸ Ammon Hillman.txt
/mnt/c/Users/nateg/OneDrive/Documentos/GitHub/human/reboot/The Productivity Driver — A Glimpse.txt
/mnt/c/Users/nateg/OneDrive/Documentos/GitHub/human/reboot/The Proximity of Death and the Arbitration of Value.txt
/mnt/c/Users/nateg/OneDrive/Documentos/GitHub/human/reboot/The Raven.txt
/mnt/c/Users/nateg/OneDrive/Documentos/GitHub/human/reboot/The Revolution of Everyday Life.txt
/mnt/c/Users/nateg/OneDrive/Documentos/GitHub/human/reboot/The Right Hemisphere： Prodigy in a Prison-World.txt
/mnt/c/Users/nateg/OneDrive/Documentos/GitHub/human/reboot/The Scope of Facts.txt
/mnt/c/Users/nateg/OneDrive/Documentos/GitHub/human/reboot/The Scope of the Self.txt
/mnt/c/Users/nateg/OneDrive/Documentos/GitHub/human/reboot/The Secret Adventure ｜ Our Nature in Nature.txt
/mnt/c/Users/nateg/OneDrive/Documentos/GitHub/human/reboot/The Secret of Our Cultural Diseases： LH Dominance..txt
/mnt/c/Users/nateg/OneDrive/Documentos/GitHub/human/reboot/The Servant.txt
/mnt/c/Users/nateg/OneDrive/Documentos/GitHub/human/reboot/The Situation： Bees⧸Civilization and Fake Societies： The options..txt
/mnt/c/Users/nateg/OneDrive/Documentos/GitHub/human/reboot/The Storm in the Between of Us.txt
/mnt/c/Users/nateg/OneDrive/Documentos/GitHub/human/reboot/The Tool Captures The Hand.txt
/mnt/c/Users/nateg/OneDrive/Documentos/GitHub/human/reboot/The Ununited States： Disorientation & Information War.txt
/mnt/c/Users/nateg/OneDrive/Documentos/GitHub/human/reboot/The Vessel ｜ When Words Indicate ... the Absence of Their Referent.txt
/mnt/c/Users/nateg/OneDrive/Documentos/GitHub/human/reboot/The Weather Between Us ⧸ Motivation.txt
/mnt/c/Users/nateg/OneDrive/Documentos/GitHub/human/reboot/The ‘Big’ Questions.txt
/mnt/c/Users/nateg/OneDrive/Documentos/GitHub/human/reboot/The ‘We’ that Wasn’t, Science, Evolution & Information Wars.txt
/mnt/c/Users/nateg/OneDrive/Documentos/GitHub/human/reboot/There Are Hawks in the Garden.txt
/mnt/c/Users/nateg/OneDrive/Documentos/GitHub/human/reboot/There’s No One At The Wheel.txt
/mnt/c/Users/nateg/OneDrive/Documentos/GitHub/human/reboot/Thinking in an Emergency： Intelligence.txt
/mnt/c/Users/nateg/OneDrive/Documentos/GitHub/human/reboot/Thoughts after observing a coherent dog pack... managed by 1 guy.txt
/mnt/c/Users/nateg/OneDrive/Documentos/GitHub/human/reboot/Thoughts on Gary Nolan's Comments and Analogies.txt
/mnt/c/Users/nateg/OneDrive/Documentos/GitHub/human/reboot/Time & Apocalypse.txt
/mnt/c/Users/nateg/OneDrive/Documentos/GitHub/human/reboot/Time & Proximity： Disrupting the Natural Rhythms of Relationships.txt
/mnt/c/Users/nateg/OneDrive/Documentos/GitHub/human/reboot/Time ｜ Splendor.txt
/mnt/c/Users/nateg/OneDrive/Documentos/GitHub/human/reboot/Time ｜ The Deception of the Concrete.txt
/mnt/c/Users/nateg/OneDrive/Documentos/GitHub/human/reboot/Time, Identity, Meaning and Temporalization.txt
/mnt/c/Users/nateg/OneDrive/Documentos/GitHub/human/reboot/Timecrash： What is Going On.txt
/mnt/c/Users/nateg/OneDrive/Documentos/GitHub/human/reboot/Tinyboat.txt
/mnt/c/Users/nateg/OneDrive/Documentos/GitHub/human/reboot/Today.txt
/mnt/c/Users/nateg/OneDrive/Documentos/GitHub/human/reboot/Together.txt
/mnt/c/Users/nateg/OneDrive/Documentos/GitHub/human/reboot/Track(ing), Categories, Orientation to Detail.txt
/mnt/c/Users/nateg/OneDrive/Documentos/GitHub/human/reboot/Transentience — Beyond ＂Intelligence＂.txt
/mnt/c/Users/nateg/OneDrive/Documentos/GitHub/human/reboot/Transformations： On the Peculiar Nature of Consciousness.txt
/mnt/c/Users/nateg/OneDrive/Documentos/GitHub/human/reboot/Tree ｜ ( spirit ).txt
/mnt/c/Users/nateg/OneDrive/Documentos/GitHub/human/reboot/True or False： The Architecture of Validation.....txt
/mnt/c/Users/nateg/OneDrive/Documentos/GitHub/human/reboot/Tunnel Singing.txt
/mnt/c/Users/nateg/OneDrive/Documentos/GitHub/human/reboot/UFO ： UAP   Afterwards.txt
/mnt/c/Users/nateg/OneDrive/Documentos/GitHub/human/reboot/UFOs ｜ Grusch ｜ Knapp and Implications ( also： frame collapse, etc ).txt
/mnt/c/Users/nateg/OneDrive/Documentos/GitHub/human/reboot/UFO⧸UAP Phenomenon, David Grusch, and Disclosure.txt
/mnt/c/Users/nateg/OneDrive/Documentos/GitHub/human/reboot/UFO⧸UAPs： Context, History, and Situational Analysis.txt
/mnt/c/Users/nateg/OneDrive/Documentos/GitHub/human/reboot/Uncollapsing ｜ Rectitude ｜ Uniqueness.txt
/mnt/c/Users/nateg/OneDrive/Documentos/GitHub/human/reboot/Unity ｜ Mimicry ｜ Authenticity.txt
/mnt/c/Users/nateg/OneDrive/Documentos/GitHub/human/reboot/Unity ｜ Separation.txt
/mnt/c/Users/nateg/OneDrive/Documentos/GitHub/human/reboot/Unspoken： Where language falters.txt
/mnt/c/Users/nateg/OneDrive/Documentos/GitHub/human/reboot/Upheaval ｜ Warmind.txt
/mnt/c/Users/nateg/OneDrive/Documentos/GitHub/human/reboot/Uplink： The Wrist： Orders of Intelligence Beyond Ours.txt
/mnt/c/Users/nateg/OneDrive/Documentos/GitHub/human/reboot/Very Small Things I.txt
/mnt/c/Users/nateg/OneDrive/Documentos/GitHub/human/reboot/Vice & Virtue.txt
/mnt/c/Users/nateg/OneDrive/Documentos/GitHub/human/reboot/Vigilance.txt
/mnt/c/Users/nateg/OneDrive/Documentos/GitHub/human/reboot/Virtue's Prerequisites.txt
/mnt/c/Users/nateg/OneDrive/Documentos/GitHub/human/reboot/Waking is Weirder than Dreaming.txt
/mnt/c/Users/nateg/OneDrive/Documentos/GitHub/human/reboot/Wasp drags spider, caches it, returns.txt
/mnt/c/Users/nateg/OneDrive/Documentos/GitHub/human/reboot/Waterlight ( reflect ion ).txt
/mnt/c/Users/nateg/OneDrive/Documentos/GitHub/human/reboot/Welcome ⧸ Guest and Host ⧸ Some Blackfoot Phrases.txt
/mnt/c/Users/nateg/OneDrive/Documentos/GitHub/human/reboot/What I am Doing.txt
/mnt/c/Users/nateg/OneDrive/Documentos/GitHub/human/reboot/What if there are no Others？.txt
/mnt/c/Users/nateg/OneDrive/Documentos/GitHub/human/reboot/What is One？.txt
/mnt/c/Users/nateg/OneDrive/Documentos/GitHub/human/reboot/What is Unknown to Us — A Problem with Knowledge.txt
/mnt/c/Users/nateg/OneDrive/Documentos/GitHub/human/reboot/What’s Going On Around Here？.txt
/mnt/c/Users/nateg/OneDrive/Documentos/GitHub/human/reboot/When Science Goes Wrong - Doctrines and Dismissals.txt
/mnt/c/Users/nateg/OneDrive/Documentos/GitHub/human/reboot/When Things Go Wrong： The Virtue of Nonevaluation.txt
/mnt/c/Users/nateg/OneDrive/Documentos/GitHub/human/reboot/Winter. Time. Machines.txt
/mnt/c/Users/nateg/OneDrive/Documentos/GitHub/human/reboot/World ｜ Tinyworld.txt
/mnt/c/Users/nateg/OneDrive/Documentos/GitHub/human/reboot/World-Lines and Biorelational Time.txt
/mnt/c/Users/nateg/OneDrive/Documentos/GitHub/human/reboot/Wu-108 Tai Chi Form.txt
/mnt/c/Users/nateg/OneDrive/Documentos/GitHub/human/reboot/Yharaoh 727： Stuxnet, the Bible, Origins.txt
/mnt/c/Users/nateg/OneDrive/Documentos/GitHub/human/reboot/You don't know from....txt
/mnt/c/Users/nateg/OneDrive/Documentos/GitHub/human/reboot/Zeitgeber ⧸ Zeitstorer — Living Time ⧸ Synchronization ⧸ Interruption.txt
/mnt/c/Users/nateg/OneDrive/Documentos/GitHub/human/reboot/alarcon 4.txt
/mnt/c/Users/nateg/OneDrive/Documentos/GitHub/human/reboot/arract 06： The G word and the Arguments..txt
/mnt/c/Users/nateg/OneDrive/Documentos/GitHub/human/reboot/mophai 29 ： True powers... are unlike our ideas..txt
/mnt/c/Users/nateg/OneDrive/Documentos/GitHub/human/reboot/nembo 71： What Justice Isn’t.txt
/mnt/c/Users/nateg/OneDrive/Documentos/GitHub/human/reboot/nemenia 16： the sanctity of local time.txt
/mnt/c/Users/nateg/OneDrive/Documentos/GitHub/human/reboot/orgine 22： the God ：｜： Science Problem.txt
/mnt/c/Users/nateg/OneDrive/Documentos/GitHub/human/reboot/prenonioi 4： Escape Velocity.txt
/mnt/c/Users/nateg/OneDrive/Documentos/GitHub/human/reboot/rBird 0 ： 1 ⧹ .｜. ⧸ Bbird 1 ： 0.txt
/mnt/c/Users/nateg/OneDrive/Documentos/GitHub/human/reboot/seraph 12 ： False Projections of Authority, Identity and Relation.txt
/mnt/c/Users/nateg/OneDrive/Documentos/GitHub/human/reboot/shüsüsh 4： Lucid Waking, Gaps, and Dreaming.txt
/mnt/c/Users/nateg/OneDrive/Documentos/GitHub/human/reboot/vilifon 15 ： Death, Fear and Rebirth： Coming to Life.txt
/mnt/c/Users/nateg/OneDrive/Documentos/GitHub/human/reboot/vipgotai： 33 Cash, Fashion, Identity.txt
/mnt/c/Users/nateg/OneDrive/Documentos/GitHub/human/reboot/yPerion 88： Anomalies, NHI, Hypertopics.txt
/mnt/c/Users/nateg/OneDrive/Documentos/GitHub/human/reboot/‘There’s No Evidence...” ⧸Medicine, Science Statistics & Knowledge.txt
