/mnt/c/Users/nateg/OneDrive/Documentos/GitHub/human/psygen/'What' is 'the World'？.txt
/mnt/c/Users/nateg/OneDrive/Documentos/GitHub/human/psygen/(k)EngLish and Negation.txt
/mnt/c/Users/nateg/OneDrive/Documentos/GitHub/human/psygen/0 1 ｜ Origin ｜ Agent.txt
/mnt/c/Users/nateg/OneDrive/Documentos/GitHub/human/psygen/80⧸20 and Beyond： False Collectives Instance False Persons as Us.txt
/mnt/c/Users/nateg/OneDrive/Documentos/GitHub/human/psygen/A Cognitive Analogy： Peripheral Vision.txt
/mnt/c/Users/nateg/OneDrive/Documentos/GitHub/human/psygen/A Dream from Beyond.txt
/mnt/c/Users/nateg/OneDrive/Documentos/GitHub/human/psygen/A Fragment： The Pupils, Death, Ancestors, Love.txt
/mnt/c/Users/nateg/OneDrive/Documentos/GitHub/human/psygen/A Matter of Not Time ｜ Knowledge.txt
/mnt/c/Users/nateg/OneDrive/Documentos/GitHub/human/psygen/A Plague of Imagery ： The Questions.txt
/mnt/c/Users/nateg/OneDrive/Documentos/GitHub/human/psygen/A Quick Note： Persons are Communities.txt
/mnt/c/Users/nateg/OneDrive/Documentos/GitHub/human/psygen/A View from Above.txt
/mnt/c/Users/nateg/OneDrive/Documentos/GitHub/human/psygen/A Vigil： What is a Hero？ Co-m-petition, Nuit, Robin of the Hood.txt
/mnt/c/Users/nateg/OneDrive/Documentos/GitHub/human/psygen/A Walk Through The City - And Some History.txt
/mnt/c/Users/nateg/OneDrive/Documentos/GitHub/human/psygen/A Walk in The City (II).txt
/mnt/c/Users/nateg/OneDrive/Documentos/GitHub/human/psygen/AI and Adoration.txt
/mnt/c/Users/nateg/OneDrive/Documentos/GitHub/human/psygen/AI ⧸ HAHS (Human-Articulated Heuristic Systems).txt
/mnt/c/Users/nateg/OneDrive/Documentos/GitHub/human/psygen/Abstraction ： When Utility Overcomes Intelligence.txt
/mnt/c/Users/nateg/OneDrive/Documentos/GitHub/human/psygen/Ad Hominem ｜ Woke-ish 'Feminist' Ideology.txt
/mnt/c/Users/nateg/OneDrive/Documentos/GitHub/human/psygen/Aion 9.txt
/mnt/c/Users/nateg/OneDrive/Documentos/GitHub/human/psygen/Akemba 14： Imagination, Time, Worlds.txt
/mnt/c/Users/nateg/OneDrive/Documentos/GitHub/human/psygen/Amaton 6： The Golem.txt
/mnt/c/Users/nateg/OneDrive/Documentos/GitHub/human/psygen/Ambiguity ⧸ Disambiguation.txt
/mnt/c/Users/nateg/OneDrive/Documentos/GitHub/human/psygen/America： The Prison-Disneyland of Lies.txt
/mnt/c/Users/nateg/OneDrive/Documentos/GitHub/human/psygen/Ammon Hillman, Medusae, 'Knowledge'.txt
/mnt/c/Users/nateg/OneDrive/Documentos/GitHub/human/psygen/An Improvisation ｜ Invention vs Subscription.txt
/mnt/c/Users/nateg/OneDrive/Documentos/GitHub/human/psygen/An Update from the Garden.txt
/mnt/c/Users/nateg/OneDrive/Documentos/GitHub/human/psygen/Anamnesis ： The Direction Toward Origin Within Us.txt
/mnt/c/Users/nateg/OneDrive/Documentos/GitHub/human/psygen/Anomaly, Memory, Beyond.txt
/mnt/c/Users/nateg/OneDrive/Documentos/GitHub/human/psygen/Ant Mating Flight.txt
/mnt/c/Users/nateg/OneDrive/Documentos/GitHub/human/psygen/Ants transporting larvae.txt
/mnt/c/Users/nateg/OneDrive/Documentos/GitHub/human/psygen/Arado 33： Paradox and Orders of Reference.txt
/mnt/c/Users/nateg/OneDrive/Documentos/GitHub/human/psygen/Are Minds Separate？ Footnotes.txt
/mnt/c/Users/nateg/OneDrive/Documentos/GitHub/human/psygen/Are Minds Separate？.txt
/mnt/c/Users/nateg/OneDrive/Documentos/GitHub/human/psygen/Artificial Space ⧸ Organic (natural) Environments.txt
/mnt/c/Users/nateg/OneDrive/Documentos/GitHub/human/psygen/Atasm 19 ： Who am I？.txt
/mnt/c/Users/nateg/OneDrive/Documentos/GitHub/human/psygen/Attacking the Supercontainer.txt
/mnt/c/Users/nateg/OneDrive/Documentos/GitHub/human/psygen/Authorial Minds： Possession vs Composition.txt
/mnt/c/Users/nateg/OneDrive/Documentos/GitHub/human/psygen/Authorization ： A Key Aspect of Human Cognition — and Behavior.txt
/mnt/c/Users/nateg/OneDrive/Documentos/GitHub/human/psygen/Avabava 4 ： Undividualizer.txt
/mnt/c/Users/nateg/OneDrive/Documentos/GitHub/human/psygen/Averoigne 17.txt
/mnt/c/Users/nateg/OneDrive/Documentos/GitHub/human/psygen/Awake.txt
/mnt/c/Users/nateg/OneDrive/Documentos/GitHub/human/psygen/Awareness & The Nonverbal Aspects of Sensemaking.txt
/mnt/c/Users/nateg/OneDrive/Documentos/GitHub/human/psygen/Backwards： The Priorities of Society vs Awareness.txt
/mnt/c/Users/nateg/OneDrive/Documentos/GitHub/human/psygen/Bala Pillai - In Conversation.txt
/mnt/c/Users/nateg/OneDrive/Documentos/GitHub/human/psygen/Balance： Between Prehension and Cognition.txt
/mnt/c/Users/nateg/OneDrive/Documentos/GitHub/human/psygen/Battle Girl (Mac OS)： Sybaris ： Welcome to the Gods.txt
/mnt/c/Users/nateg/OneDrive/Documentos/GitHub/human/psygen/Bees, Cars, Angles, Angels ： Gaps & Structure.txt
/mnt/c/Users/nateg/OneDrive/Documentos/GitHub/human/psygen/Being ‘Tested’： When Things Go Sideways.txt
/mnt/c/Users/nateg/OneDrive/Documentos/GitHub/human/psygen/Beliefs vs Insight ： The Negotiation of Identity.txt
/mnt/c/Users/nateg/OneDrive/Documentos/GitHub/human/psygen/Beyond Culture： Into Nature — The 'Second Birth'.txt
/mnt/c/Users/nateg/OneDrive/Documentos/GitHub/human/psygen/Beyond science, religion, and expertise： Unknowing together..txt
/mnt/c/Users/nateg/OneDrive/Documentos/GitHub/human/psygen/Biorelational Time ｜ Minds ｜ Souls ｜ Organs.txt
/mnt/c/Users/nateg/OneDrive/Documentos/GitHub/human/psygen/Birdwalk, July 30th, 2021.txt
/mnt/c/Users/nateg/OneDrive/Documentos/GitHub/human/psygen/Birdwalking： Forms of Awareness (Waking⧸Dreaming⧸Trance⧸Language).txt
/mnt/c/Users/nateg/OneDrive/Documentos/GitHub/human/psygen/Birdwalking： Phrenia and Prodigy, Intelligent Conversations, Agreement »Before Debates.txt
/mnt/c/Users/nateg/OneDrive/Documentos/GitHub/human/psygen/Birdwalk： Buried in Signals and Noise.txt
/mnt/c/Users/nateg/OneDrive/Documentos/GitHub/human/psygen/Blue 17： Where are qualities？ Superstars..txt
/mnt/c/Users/nateg/OneDrive/Documentos/GitHub/human/psygen/Born Gentle.txt
/mnt/c/Users/nateg/OneDrive/Documentos/GitHub/human/psygen/Brains, Birds, Vigilance： Capturing Nervous Systems.txt
/mnt/c/Users/nateg/OneDrive/Documentos/GitHub/human/psygen/Burroughs ⧸ Magic ⧸ Language.txt
/mnt/c/Users/nateg/OneDrive/Documentos/GitHub/human/psygen/Calling Out Culture： A Toxic Divergence from The Potential for Mutual Excellence.txt
/mnt/c/Users/nateg/OneDrive/Documentos/GitHub/human/psygen/Casual analysis of Coyote⧸Magpie Feeding Video.txt
/mnt/c/Users/nateg/OneDrive/Documentos/GitHub/human/psygen/Caterpillar.txt
/mnt/c/Users/nateg/OneDrive/Documentos/GitHub/human/psygen/Charles Schulz ： He was showing a secret.....txt
/mnt/c/Users/nateg/OneDrive/Documentos/GitHub/human/psygen/Christmas & Criticism ： Myths and Their Origins.txt
/mnt/c/Users/nateg/OneDrive/Documentos/GitHub/human/psygen/Circumstances： Our Stance in the Circle of Life.txt
/mnt/c/Users/nateg/OneDrive/Documentos/GitHub/human/psygen/Clothing and Color.txt
/mnt/c/Users/nateg/OneDrive/Documentos/GitHub/human/psygen/Cognition： Thinking about misfortune.txt
/mnt/c/Users/nateg/OneDrive/Documentos/GitHub/human/psygen/Complaint and Blame or Change our World, Now, Together？.txt
/mnt/c/Users/nateg/OneDrive/Documentos/GitHub/human/psygen/Con no tation.txt
/mnt/c/Users/nateg/OneDrive/Documentos/GitHub/human/psygen/Consciousness ｜ God.txt
/mnt/c/Users/nateg/OneDrive/Documentos/GitHub/human/psygen/Contact with Nonhuman Intelligence： VALIS and Beyond.txt
/mnt/c/Users/nateg/OneDrive/Documentos/GitHub/human/psygen/Controlling Nature, Pandemic Ignorance, Categories, and Visiting the Bath House.txt
/mnt/c/Users/nateg/OneDrive/Documentos/GitHub/human/psygen/Coot Combat at Stow Lake.txt
/mnt/c/Users/nateg/OneDrive/Documentos/GitHub/human/psygen/Cormorant 31 ： What is Identity？.txt
/mnt/c/Users/nateg/OneDrive/Documentos/GitHub/human/psygen/Creation Story Image by Wayne Rector.txt
/mnt/c/Users/nateg/OneDrive/Documentos/GitHub/human/psygen/Crosshairs Evade Every Indictment.txt
/mnt/c/Users/nateg/OneDrive/Documentos/GitHub/human/psygen/Cypher 3： The Sky, The Garden, The Construct： Portals.txt
/mnt/c/Users/nateg/OneDrive/Documentos/GitHub/human/psygen/Daemons.txt
/mnt/c/Users/nateg/OneDrive/Documentos/GitHub/human/psygen/Darkness.txt
/mnt/c/Users/nateg/OneDrive/Documentos/GitHub/human/psygen/Death.txt
/mnt/c/Users/nateg/OneDrive/Documentos/GitHub/human/psygen/Declaration vs Invitation： the keys to intelligence.txt
/mnt/c/Users/nateg/OneDrive/Documentos/GitHub/human/psygen/Delicacy.txt
/mnt/c/Users/nateg/OneDrive/Documentos/GitHub/human/psygen/Desire ： Aversion ｜ The Problem With Nouns.txt
/mnt/c/Users/nateg/OneDrive/Documentos/GitHub/human/psygen/Disambiguation： The Immune System, Police and Societal Analogies.txt
/mnt/c/Users/nateg/OneDrive/Documentos/GitHub/human/psygen/Disambiguation： The Waking Mind’s Power is its Achilles Heel.....txt
/mnt/c/Users/nateg/OneDrive/Documentos/GitHub/human/psygen/Distinction ｜ Reunion.txt
/mnt/c/Users/nateg/OneDrive/Documentos/GitHub/human/psygen/Distinguishing： Purpose and the Derivation of Identity.txt
/mnt/c/Users/nateg/OneDrive/Documentos/GitHub/human/psygen/Dreaming & Awareness ⧸ Novelty in Relation.txt
/mnt/c/Users/nateg/OneDrive/Documentos/GitHub/human/psygen/Dreaming (2)： Explorations.txt
/mnt/c/Users/nateg/OneDrive/Documentos/GitHub/human/psygen/Dreaming and the Origins of Formal Waking Consciousness.txt
/mnt/c/Users/nateg/OneDrive/Documentos/GitHub/human/psygen/Dysregulation of the Oneiric Cycle ｜ The Dream Assassin.txt
/mnt/c/Users/nateg/OneDrive/Documentos/GitHub/human/psygen/Eclipse ⧸ The Flood.txt
/mnt/c/Users/nateg/OneDrive/Documentos/GitHub/human/psygen/Edmund Carpenter's： Oh, What a Blow That Phantom Gave Me!.txt
/mnt/c/Users/nateg/OneDrive/Documentos/GitHub/human/psygen/Edmund Carpenter： Oh, What a Blow that Phantom Gave Me!.txt
/mnt/c/Users/nateg/OneDrive/Documentos/GitHub/human/psygen/Emergent Embryogenesis ⧸ Anomalies and Science.txt
/mnt/c/Users/nateg/OneDrive/Documentos/GitHub/human/psygen/Emotion, Introspection... Imagining Oneself.txt
/mnt/c/Users/nateg/OneDrive/Documentos/GitHub/human/psygen/Enlightenment.txt
/mnt/c/Users/nateg/OneDrive/Documentos/GitHub/human/psygen/Equinon 77： Cogniscia, the mimula, thrisps.txt
/mnt/c/Users/nateg/OneDrive/Documentos/GitHub/human/psygen/Eric Weinstein vs Tyler Cowen： The Art of Intellectual Tui Shou.txt
/mnt/c/Users/nateg/OneDrive/Documentos/GitHub/human/psygen/Eric Weinstein, Zombie Functions, The 2018 problem... a birdwalk (repaired).txt
/mnt/c/Users/nateg/OneDrive/Documentos/GitHub/human/psygen/Excerpts from The Meaning of Man (the foundations of the science of knowledge).txt
/mnt/c/Users/nateg/OneDrive/Documentos/GitHub/human/psygen/Extrapolation ｜ Projection ｜ Tactical Intelligence in Crisis.txt
/mnt/c/Users/nateg/OneDrive/Documentos/GitHub/human/psygen/False Collectives： Doctors are Deadly ： What is disease？.txt
/mnt/c/Users/nateg/OneDrive/Documentos/GitHub/human/psygen/False Collectives： Fake Activism and Social Media.txt
/mnt/c/Users/nateg/OneDrive/Documentos/GitHub/human/psygen/False stars, false collectives. Snakes... or ladders？.txt
/mnt/c/Users/nateg/OneDrive/Documentos/GitHub/human/psygen/Falsely Driven Authorities： Science and Religion are Lethal.txt
/mnt/c/Users/nateg/OneDrive/Documentos/GitHub/human/psygen/Fascism, Beauty and Truth.txt
/mnt/c/Users/nateg/OneDrive/Documentos/GitHub/human/psygen/Figuration, Alpha-Thinking, Beta-Thinking and Representational Cognition.txt
/mnt/c/Users/nateg/OneDrive/Documentos/GitHub/human/psygen/First Moves ｜ Categories and Route.txt
/mnt/c/Users/nateg/OneDrive/Documentos/GitHub/human/psygen/Framing ｜ Frame Collapse ｜ Isolation.txt
/mnt/c/Users/nateg/OneDrive/Documentos/GitHub/human/psygen/Framing ｜ Frame Collapse ｜ The Bible.txt
/mnt/c/Users/nateg/OneDrive/Documentos/GitHub/human/psygen/Fundamentals & Physical Analogies.txt
/mnt/c/Users/nateg/OneDrive/Documentos/GitHub/human/psygen/Game Theory ⧸ Single Encounter Ethics ⧸ Beyond.txt
/mnt/c/Users/nateg/OneDrive/Documentos/GitHub/human/psygen/Geneon 43： Origin, Dimensionality, Gender and Divinity.txt
/mnt/c/Users/nateg/OneDrive/Documentos/GitHub/human/psygen/Generality, Insight and »Encryption.txt
/mnt/c/Users/nateg/OneDrive/Documentos/GitHub/human/psygen/Genius ： Categories and the Character of Our Essential Humanity.txt
/mnt/c/Users/nateg/OneDrive/Documentos/GitHub/human/psygen/Gentle Vocalizations.txt
/mnt/c/Users/nateg/OneDrive/Documentos/GitHub/human/psygen/Getting Truth Wrong - And Consequences.txt
/mnt/c/Users/nateg/OneDrive/Documentos/GitHub/human/psygen/Gratitude ｜ Blessings.txt
/mnt/c/Users/nateg/OneDrive/Documentos/GitHub/human/psygen/Hand Games.txt
/mnt/c/Users/nateg/OneDrive/Documentos/GitHub/human/psygen/Hand Toy V 1 - Beta.m4v.txt
/mnt/c/Users/nateg/OneDrive/Documentos/GitHub/human/psygen/Haîma ： Hymen { Blood ｜ Sewing together }  Transfer ｜ Bonding.txt
/mnt/c/Users/nateg/OneDrive/Documentos/GitHub/human/psygen/Head Games.txt
/mnt/c/Users/nateg/OneDrive/Documentos/GitHub/human/psygen/Hemispheric Lateralization ⧸ Political Polarities.txt
/mnt/c/Users/nateg/OneDrive/Documentos/GitHub/human/psygen/Holophores： Organisms are Peoples.txt
/mnt/c/Users/nateg/OneDrive/Documentos/GitHub/human/psygen/Holophores： Time (Beta1).txt
/mnt/c/Users/nateg/OneDrive/Documentos/GitHub/human/psygen/Home.txt
/mnt/c/Users/nateg/OneDrive/Documentos/GitHub/human/psygen/Hypertopics - & ( i so late ion ).txt
/mnt/c/Users/nateg/OneDrive/Documentos/GitHub/human/psygen/Ichneumon Wasp (suggest HD).txt
/mnt/c/Users/nateg/OneDrive/Documentos/GitHub/human/psygen/Identity & The Problem with Things.txt
/mnt/c/Users/nateg/OneDrive/Documentos/GitHub/human/psygen/Identity ｜ Language ｜ Knowledge.txt
/mnt/c/Users/nateg/OneDrive/Documentos/GitHub/human/psygen/Imagination ： The Basis of Consciousness.txt
/mnt/c/Users/nateg/OneDrive/Documentos/GitHub/human/psygen/Imagination ｜ Perspective ： Far Away ｜ So Close.txt
/mnt/c/Users/nateg/OneDrive/Documentos/GitHub/human/psygen/Imnumen 61： RepCog, The Meronymic Web, Animals.txt
/mnt/c/Users/nateg/OneDrive/Documentos/GitHub/human/psygen/In Dependence ： Humans are Pod Animals.txt
/mnt/c/Users/nateg/OneDrive/Documentos/GitHub/human/psygen/Incarnation & the Soul： The Great Quest.txt
/mnt/c/Users/nateg/OneDrive/Documentos/GitHub/human/psygen/Inception, Possession and Initiatory Death ⧸ Resurrection.txt
/mnt/c/Users/nateg/OneDrive/Documentos/GitHub/human/psygen/Inner Archaeology： Mindcrafting.txt
/mnt/c/Users/nateg/OneDrive/Documentos/GitHub/human/psygen/Insight.txt
/mnt/c/Users/nateg/OneDrive/Documentos/GitHub/human/psygen/Intelligence II： Sapiens Aren't ⧸ Hitchhiking.txt
/mnt/c/Users/nateg/OneDrive/Documentos/GitHub/human/psygen/Intelligence and Surveillance ： Views.txt
/mnt/c/Users/nateg/OneDrive/Documentos/GitHub/human/psygen/Intelligence or Dissociation？.txt
/mnt/c/Users/nateg/OneDrive/Documentos/GitHub/human/psygen/Intelligence.txt
/mnt/c/Users/nateg/OneDrive/Documentos/GitHub/human/psygen/Interpreting the Gap ｜ Discontinuity and Emotion.txt
/mnt/c/Users/nateg/OneDrive/Documentos/GitHub/human/psygen/Invocation ｜ Evocation.txt
/mnt/c/Users/nateg/OneDrive/Documentos/GitHub/human/psygen/Iphetios 20： Multibird.txt
/mnt/c/Users/nateg/OneDrive/Documentos/GitHub/human/psygen/Is space(time) 'pure' potential -intelligence-？.txt
/mnt/c/Users/nateg/OneDrive/Documentos/GitHub/human/psygen/Jobs vs Roles.txt
/mnt/c/Users/nateg/OneDrive/Documentos/GitHub/human/psygen/Kephab 32： The Precedence of Unity.txt
/mnt/c/Users/nateg/OneDrive/Documentos/GitHub/human/psygen/Keys to Beyond： What is time？ What is 'an organism＂？.txt
/mnt/c/Users/nateg/OneDrive/Documentos/GitHub/human/psygen/Language： Denotation, Connotation & Idealization.txt
/mnt/c/Users/nateg/OneDrive/Documentos/GitHub/human/psygen/Light on the Waters.txt
/mnt/c/Users/nateg/OneDrive/Documentos/GitHub/human/psygen/Light, Time, Reflections.txt
/mnt/c/Users/nateg/OneDrive/Documentos/GitHub/human/psygen/Lisance 3： Distance under unity as light⧸time..txt
/mnt/c/Users/nateg/OneDrive/Documentos/GitHub/human/psygen/Listening ｜ Slowing Down ｜ Syntropy.txt
/mnt/c/Users/nateg/OneDrive/Documentos/GitHub/human/psygen/Living Time： The Pulse of Life.txt
/mnt/c/Users/nateg/OneDrive/Documentos/GitHub/human/psygen/Luca Rade - Liquid Conversation Part 2.txt
/mnt/c/Users/nateg/OneDrive/Documentos/GitHub/human/psygen/Luca Rade - Liquid Conversation Part 3.txt
/mnt/c/Users/nateg/OneDrive/Documentos/GitHub/human/psygen/Luca Rade - Liquid Conversation Part 4.txt
/mnt/c/Users/nateg/OneDrive/Documentos/GitHub/human/psygen/Luca Rade — Liquid Conversation Part 1.txt
/mnt/c/Users/nateg/OneDrive/Documentos/GitHub/human/psygen/Lucidty ｜ Dreaming and Waking.txt
/mnt/c/Users/nateg/OneDrive/Documentos/GitHub/human/psygen/Machines Between Us ｜ The Cage.txt
/mnt/c/Users/nateg/OneDrive/Documentos/GitHub/human/psygen/Mastered By Our Tools.txt
/mnt/c/Users/nateg/OneDrive/Documentos/GitHub/human/psygen/Memef•ck'd： Make a Stand.txt
/mnt/c/Users/nateg/OneDrive/Documentos/GitHub/human/psygen/Memef＊ck'd： The Mystic's Dream.txt
/mnt/c/Users/nateg/OneDrive/Documentos/GitHub/human/psygen/Memory and Intelligence： The Inner Mirror.txt
/mnt/c/Users/nateg/OneDrive/Documentos/GitHub/human/psygen/Memory ｜ Memorial Day.txt
/mnt/c/Users/nateg/OneDrive/Documentos/GitHub/human/psygen/Memory, Narratives & Identity： The Celestial Braid.txt
/mnt/c/Users/nateg/OneDrive/Documentos/GitHub/human/psygen/Memory.txt
/mnt/c/Users/nateg/OneDrive/Documentos/GitHub/human/psygen/Metalanguage.txt
/mnt/c/Users/nateg/OneDrive/Documentos/GitHub/human/psygen/Mind the gap — A Pathology of Intervals.txt
/mnt/c/Users/nateg/OneDrive/Documentos/GitHub/human/psygen/Mind, Memory and The Human Cogniscium.txt
/mnt/c/Users/nateg/OneDrive/Documentos/GitHub/human/psygen/Mindfulness, Musashi, Zen — Using Attention to Calm the Mind.txt
/mnt/c/Users/nateg/OneDrive/Documentos/GitHub/human/psygen/Minds & Structured Fictions.txt
/mnt/c/Users/nateg/OneDrive/Documentos/GitHub/human/psygen/Minds： Beyond Human Culture.txt
/mnt/c/Users/nateg/OneDrive/Documentos/GitHub/human/psygen/Mistaken Identity： When Nouns Decieve.txt
/mnt/c/Users/nateg/OneDrive/Documentos/GitHub/human/psygen/Mnemonium 7： Memory and Intelligence.txt
/mnt/c/Users/nateg/OneDrive/Documentos/GitHub/human/psygen/Modern Thrisp Gambits ⧸ Crisis & Gratitude.txt
/mnt/c/Users/nateg/OneDrive/Documentos/GitHub/human/psygen/More Than Human (II).txt
/mnt/c/Users/nateg/OneDrive/Documentos/GitHub/human/psygen/More Than Human ⧸ Extraordinary Knowing.txt
/mnt/c/Users/nateg/OneDrive/Documentos/GitHub/human/psygen/More than Human.txt
/mnt/c/Users/nateg/OneDrive/Documentos/GitHub/human/psygen/Music.txt
/mnt/c/Users/nateg/OneDrive/Documentos/GitHub/human/psygen/My Dad and I play a little Guitar - July 8 2012.txt
/mnt/c/Users/nateg/OneDrive/Documentos/GitHub/human/psygen/My People ｜ The Siren ｜ Molting.txt
/mnt/c/Users/nateg/OneDrive/Documentos/GitHub/human/psygen/Mystery and Anomalies.txt
/mnt/c/Users/nateg/OneDrive/Documentos/GitHub/human/psygen/NS Capture, Cats, Darwin's Actual Scope....txt
/mnt/c/Users/nateg/OneDrive/Documentos/GitHub/human/psygen/Nature, Truthfulness & Constructs.txt
/mnt/c/Users/nateg/OneDrive/Documentos/GitHub/human/psygen/Networks of Light.txt
/mnt/c/Users/nateg/OneDrive/Documentos/GitHub/human/psygen/Night Thoughts.txt
/mnt/c/Users/nateg/OneDrive/Documentos/GitHub/human/psygen/Normality - The Problem of Normalization.txt
/mnt/c/Users/nateg/OneDrive/Documentos/GitHub/human/psygen/Normative Generalizations and Policing of ‘Norms’.txt
/mnt/c/Users/nateg/OneDrive/Documentos/GitHub/human/psygen/Nothing to See ： There's No There, There (UFO⧸UAP).txt
/mnt/c/Users/nateg/OneDrive/Documentos/GitHub/human/psygen/Novelty.txt
/mnt/c/Users/nateg/OneDrive/Documentos/GitHub/human/psygen/Observation & Identity： The Origins of Sentinel Processes in Consciousness.txt
/mnt/c/Users/nateg/OneDrive/Documentos/GitHub/human/psygen/Observation ｜ Time ｜ Intent.txt
/mnt/c/Users/nateg/OneDrive/Documentos/GitHub/human/psygen/Observation(s).txt
/mnt/c/Users/nateg/OneDrive/Documentos/GitHub/human/psygen/On Original Participation in Owen Barfield's Saving the Appearances (a Study in Idolatry).txt
/mnt/c/Users/nateg/OneDrive/Documentos/GitHub/human/psygen/One Animal as Many ｜ Multibird.txt
/mnt/c/Users/nateg/OneDrive/Documentos/GitHub/human/psygen/Oneirocritica ： The Dream Dictionary and Representational Cognition.txt
/mnt/c/Users/nateg/OneDrive/Documentos/GitHub/human/psygen/Organisms are Modes of Timespace — Intelligent Reambiguation.txt
/mnt/c/Users/nateg/OneDrive/Documentos/GitHub/human/psygen/Organisms, Spiderwebs, Assembly Theory.txt
/mnt/c/Users/nateg/OneDrive/Documentos/GitHub/human/psygen/Orphorea 19： The Precedence of Unity.txt
/mnt/c/Users/nateg/OneDrive/Documentos/GitHub/human/psygen/Ostralis 7 ： SunFather.txt
/mnt/c/Users/nateg/OneDrive/Documentos/GitHub/human/psygen/Otopede 11： The Amphitheatre.txt
/mnt/c/Users/nateg/OneDrive/Documentos/GitHub/human/psygen/Our Hidden Humanity ｜ Interiorty vs Culture.txt
/mnt/c/Users/nateg/OneDrive/Documentos/GitHub/human/psygen/Our Interiority： Beyond Norms and Generalizations.txt
/mnt/c/Users/nateg/OneDrive/Documentos/GitHub/human/psygen/Our Models, Our Experts： Mostly Wrong, Most of the Time.txt
/mnt/c/Users/nateg/OneDrive/Documentos/GitHub/human/psygen/Our Myth of the Nuclear Family is Broken.txt
/mnt/c/Users/nateg/OneDrive/Documentos/GitHub/human/psygen/Our Nonordinary Faculties ｜ The Undiscovered Country.txt
/mnt/c/Users/nateg/OneDrive/Documentos/GitHub/human/psygen/Pace and Opportunity： The Disaster of Acceleration.txt
/mnt/c/Users/nateg/OneDrive/Documentos/GitHub/human/psygen/Paradise 9： This is all the worlds..txt
/mnt/c/Users/nateg/OneDrive/Documentos/GitHub/human/psygen/Paranormality vs Modernity.txt
/mnt/c/Users/nateg/OneDrive/Documentos/GitHub/human/psygen/Part 1 - Ryan First Diver tells the story of the first Beaver Bundle repatriation from Museums.txt
/mnt/c/Users/nateg/OneDrive/Documentos/GitHub/human/psygen/Part 1： A Conversation With Mark K. Charlton-Davis.txt
/mnt/c/Users/nateg/OneDrive/Documentos/GitHub/human/psygen/Part 2 - Ryan First Diver tells the story of the first Beaver Bundle repatriation from Museums.txt
/mnt/c/Users/nateg/OneDrive/Documentos/GitHub/human/psygen/Part 2： A Conversation With Mark K. Charlton-Davis.txt
/mnt/c/Users/nateg/OneDrive/Documentos/GitHub/human/psygen/Part 3 - Ryan First Diver tells the story of the first Beaver Bundle repatriation from Museums.txt
/mnt/c/Users/nateg/OneDrive/Documentos/GitHub/human/psygen/Part 3： A Conversation With Mark K. Charlton-Davis.txt
/mnt/c/Users/nateg/OneDrive/Documentos/GitHub/human/psygen/Part 4 - Ryan First Diver tells the story of the first Beaver Bundle repatriation from Museums.txt
/mnt/c/Users/nateg/OneDrive/Documentos/GitHub/human/psygen/Part 4： A Conversation With Mark K. Charlton-Davis.txt
/mnt/c/Users/nateg/OneDrive/Documentos/GitHub/human/psygen/Part 5 - Ryan First Diver tells the story of the first Beaver Bundle repatriation from Museums.txt
/mnt/c/Users/nateg/OneDrive/Documentos/GitHub/human/psygen/Part 6 - Ryan First Diver tells the story of the first Beaver Bundle repatriation from Museums.txt
/mnt/c/Users/nateg/OneDrive/Documentos/GitHub/human/psygen/Part 7 - Ryan First Diver tells the story of the first Beaver Bundle repatriation from Museums.txt
/mnt/c/Users/nateg/OneDrive/Documentos/GitHub/human/psygen/Passages from Sufism and Surrealism (Adonis) pp 134-136.txt
/mnt/c/Users/nateg/OneDrive/Documentos/GitHub/human/psygen/Passages from Sufism and Surrealism.txt
/mnt/c/Users/nateg/OneDrive/Documentos/GitHub/human/psygen/People and their Animals.txt
/mnt/c/Users/nateg/OneDrive/Documentos/GitHub/human/psygen/Perspective and Perception.txt
/mnt/c/Users/nateg/OneDrive/Documentos/GitHub/human/psygen/Phenological Engagement： Stow Lake Blue Heron Social Tree.txt
/mnt/c/Users/nateg/OneDrive/Documentos/GitHub/human/psygen/Phenology, Time and Synchronization.txt
/mnt/c/Users/nateg/OneDrive/Documentos/GitHub/human/psygen/Phyllia 0⧸1 ： Pollens： The Living Dusts ( Bees ？ Angels ).txt
/mnt/c/Users/nateg/OneDrive/Documentos/GitHub/human/psygen/Physics as Information  ： The Irony of Science ： Nuclear War.txt
/mnt/c/Users/nateg/OneDrive/Documentos/GitHub/human/psygen/Physics： The Problem of Function as Identity.txt
/mnt/c/Users/nateg/OneDrive/Documentos/GitHub/human/psygen/Potemkin 19： Identity： Self and Mind.txt
/mnt/c/Users/nateg/OneDrive/Documentos/GitHub/human/psygen/Pragmatite Crystals.txt
/mnt/c/Users/nateg/OneDrive/Documentos/GitHub/human/psygen/Precognition.txt
/mnt/c/Users/nateg/OneDrive/Documentos/GitHub/human/psygen/Prediction.txt
/mnt/c/Users/nateg/OneDrive/Documentos/GitHub/human/psygen/Privacy ： The Disappearing Necessity.txt
/mnt/c/Users/nateg/OneDrive/Documentos/GitHub/human/psygen/Prodigy and Context.txt
/mnt/c/Users/nateg/OneDrive/Documentos/GitHub/human/psygen/Public and Personal Cults are Deadly Fictions.txt
/mnt/c/Users/nateg/OneDrive/Documentos/GitHub/human/psygen/Purpose & Context.txt
/mnt/c/Users/nateg/OneDrive/Documentos/GitHub/human/psygen/Purpose and Evolution ： It's Not Competition. It's Uplift.txt
/mnt/c/Users/nateg/OneDrive/Documentos/GitHub/human/psygen/Purpose, Courtship, Orgasm.txt
/mnt/c/Users/nateg/OneDrive/Documentos/GitHub/human/psygen/Qualia ： 5： Wave, Nucleation, ‘Individuals’.txt
/mnt/c/Users/nateg/OneDrive/Documentos/GitHub/human/psygen/Qualities ： Scope and Reference.txt
/mnt/c/Users/nateg/OneDrive/Documentos/GitHub/human/psygen/Questions and Questing.txt
/mnt/c/Users/nateg/OneDrive/Documentos/GitHub/human/psygen/Questions and Quests.txt
/mnt/c/Users/nateg/OneDrive/Documentos/GitHub/human/psygen/Reflections and The Material Universe.txt
/mnt/c/Users/nateg/OneDrive/Documentos/GitHub/human/psygen/Reflections on Dreaming.txt
/mnt/c/Users/nateg/OneDrive/Documentos/GitHub/human/psygen/Reflections： Ideas and Suppositions.txt
/mnt/c/Users/nateg/OneDrive/Documentos/GitHub/human/psygen/Relation(ship) ｜ Living Places.txt
/mnt/c/Users/nateg/OneDrive/Documentos/GitHub/human/psygen/Remains of a Raptor Kill at SF Botanical Gardens.txt
/mnt/c/Users/nateg/OneDrive/Documentos/GitHub/human/psygen/Rememberer.txt
/mnt/c/Users/nateg/OneDrive/Documentos/GitHub/human/psygen/Remembering.txt
/mnt/c/Users/nateg/OneDrive/Documentos/GitHub/human/psygen/Reputation in Relation.txt
/mnt/c/Users/nateg/OneDrive/Documentos/GitHub/human/psygen/Resonance.txt
/mnt/c/Users/nateg/OneDrive/Documentos/GitHub/human/psygen/Responding to Failure, Pain and Death.txt
/mnt/c/Users/nateg/OneDrive/Documentos/GitHub/human/psygen/Ric ： Est.txt
/mnt/c/Users/nateg/OneDrive/Documentos/GitHub/human/psygen/Ryan First Diver - The First Repatriation of a Blackfoot Beaver Bundle.txt
/mnt/c/Users/nateg/OneDrive/Documentos/GitHub/human/psygen/SHOUJO： Nature, Ecology, and Omnicide： We Must Intervene, Now.txt
/mnt/c/Users/nateg/OneDrive/Documentos/GitHub/human/psygen/San Francisco： The Ravens Have Changed.txt
/mnt/c/Users/nateg/OneDrive/Documentos/GitHub/human/psygen/Scare the Rectangles II.txt
/mnt/c/Users/nateg/OneDrive/Documentos/GitHub/human/psygen/Scare the Rectangles III.txt
/mnt/c/Users/nateg/OneDrive/Documentos/GitHub/human/psygen/Scare the Rectangles.txt
/mnt/c/Users/nateg/OneDrive/Documentos/GitHub/human/psygen/Science and Abstraction.txt
/mnt/c/Users/nateg/OneDrive/Documentos/GitHub/human/psygen/Science or Religion？ Both and Neither： Go Beyond.txt
/mnt/c/Users/nateg/OneDrive/Documentos/GitHub/human/psygen/Scrub Jay Caching Nuts.txt
/mnt/c/Users/nateg/OneDrive/Documentos/GitHub/human/psygen/Seekers & Vehicles.txt
/mnt/c/Users/nateg/OneDrive/Documentos/GitHub/human/psygen/Sheep ： Technology ： Intelligence ... Beyond 'Browsing'.txt
/mnt/c/Users/nateg/OneDrive/Documentos/GitHub/human/psygen/Silverine - first take.txt
/mnt/c/Users/nateg/OneDrive/Documentos/GitHub/human/psygen/Silverine - second take.txt
/mnt/c/Users/nateg/OneDrive/Documentos/GitHub/human/psygen/Sketching The Knowledge Amp： A Mutual Intelligence Synthesis Engine.txt
/mnt/c/Users/nateg/OneDrive/Documentos/GitHub/human/psygen/Sol Invictus： The Moon ： Cain and Abel. Slayer and Mist..txt
/mnt/c/Users/nateg/OneDrive/Documentos/GitHub/human/psygen/SpaceTime and QFT ⧸ Networks of Minds and Worlds.txt
/mnt/c/Users/nateg/OneDrive/Documentos/GitHub/human/psygen/Stairs Like Seven Years.txt
/mnt/c/Users/nateg/OneDrive/Documentos/GitHub/human/psygen/Story Time With Edawg - Boogie Boarding Vision Check.txt
/mnt/c/Users/nateg/OneDrive/Documentos/GitHub/human/psygen/Structure and Violation.txt
/mnt/c/Users/nateg/OneDrive/Documentos/GitHub/human/psygen/Synchrony： The Relativity of Feedback.txt
/mnt/c/Users/nateg/OneDrive/Documentos/GitHub/human/psygen/Tai Chi ： Encryption ： Lensing.txt
/mnt/c/Users/nateg/OneDrive/Documentos/GitHub/human/psygen/Taking the Dream Down： Three(+) Faces of the Dream Assassin.txt
/mnt/c/Users/nateg/OneDrive/Documentos/GitHub/human/psygen/Talk to a Live Human Soul： $0.01.txt
/mnt/c/Users/nateg/OneDrive/Documentos/GitHub/human/psygen/Tangent π ： Problems and frameworks.txt
/mnt/c/Users/nateg/OneDrive/Documentos/GitHub/human/psygen/Temporal Intervals - Short⧸Long Conflict and Processing.txt
/mnt/c/Users/nateg/OneDrive/Documentos/GitHub/human/psygen/Temporalizing： Our ‘Activities’ Create (and Enact) Time-Forms.txt
/mnt/c/Users/nateg/OneDrive/Documentos/GitHub/human/psygen/Thanksgiving Aftermath： The Carnival of Projections and Concepts.txt
/mnt/c/Users/nateg/OneDrive/Documentos/GitHub/human/psygen/The  Point of No Return..txt
/mnt/c/Users/nateg/OneDrive/Documentos/GitHub/human/psygen/The 'Travelling Body' ： Earth is a »Vehicle ： Here to Go.txt
/mnt/c/Users/nateg/OneDrive/Documentos/GitHub/human/psygen/The 10 Most Crucial Issues Facing Modern Humanity.txt
/mnt/c/Users/nateg/OneDrive/Documentos/GitHub/human/psygen/The 1st Winter Moon⧸Memory⧸Routes.txt
/mnt/c/Users/nateg/OneDrive/Documentos/GitHub/human/psygen/The 2nd Winter Moon Cycle： Thoughts on Covid-19, Vaccination, VAERS, and Related Topics.txt
/mnt/c/Users/nateg/OneDrive/Documentos/GitHub/human/psygen/The Aliens We Became.txt
/mnt/c/Users/nateg/OneDrive/Documentos/GitHub/human/psygen/The Anciently Conserved Ecologies.txt
/mnt/c/Users/nateg/OneDrive/Documentos/GitHub/human/psygen/The Angry Bumblebee ｜ Silence ｜ Carried to Nectar.txt
/mnt/c/Users/nateg/OneDrive/Documentos/GitHub/human/psygen/The Beetle that Runs....txt
/mnt/c/Users/nateg/OneDrive/Documentos/GitHub/human/psygen/The Big Deception： What they never taught you about the dangers of language (2).txt
/mnt/c/Users/nateg/OneDrive/Documentos/GitHub/human/psygen/The Big Deception： What they never taught you about the dangers of language.txt
/mnt/c/Users/nateg/OneDrive/Documentos/GitHub/human/psygen/The Big Questions II： Who Is Asking？.txt
/mnt/c/Users/nateg/OneDrive/Documentos/GitHub/human/psygen/The Bird in the Mirror ｜ When consciousness and reflection collide..txt
/mnt/c/Users/nateg/OneDrive/Documentos/GitHub/human/psygen/The Blind One ｜ The One Who Sees.txt
/mnt/c/Users/nateg/OneDrive/Documentos/GitHub/human/psygen/The Camera ⧸ The Eye ⧸ The Soul.txt
/mnt/c/Users/nateg/OneDrive/Documentos/GitHub/human/psygen/The Conversation.txt
/mnt/c/Users/nateg/OneDrive/Documentos/GitHub/human/psygen/The ElectroSphere： On the Dangers of the Boxes in our Hands.txt
/mnt/c/Users/nateg/OneDrive/Documentos/GitHub/human/psygen/The Eviction of Dreaming ： Recovery as Hypno-(x)ia.txt
/mnt/c/Users/nateg/OneDrive/Documentos/GitHub/human/psygen/The Evolution of Consciousness⧸Ways of Knowing.txt
/mnt/c/Users/nateg/OneDrive/Documentos/GitHub/human/psygen/The Fake Imperatives ｜ Retrieve the Commons.txt
/mnt/c/Users/nateg/OneDrive/Documentos/GitHub/human/psygen/The Falcon in The Barrel.txt
/mnt/c/Users/nateg/OneDrive/Documentos/GitHub/human/psygen/The First Plane Just Hit the Tower： Misdirection and the Predicament of the Common People.txt
/mnt/c/Users/nateg/OneDrive/Documentos/GitHub/human/psygen/The First Thing.txt
/mnt/c/Users/nateg/OneDrive/Documentos/GitHub/human/psygen/The Flower： On the Before of Adult Evaluations.txt
/mnt/c/Users/nateg/OneDrive/Documentos/GitHub/human/psygen/The Game： All Outcomes Have Transformed.txt
/mnt/c/Users/nateg/OneDrive/Documentos/GitHub/human/psygen/The Garden： Time, Chaos, Transformation... Crossings.txt
/mnt/c/Users/nateg/OneDrive/Documentos/GitHub/human/psygen/The Golem： When the Between of Us Becomes Disease.txt
/mnt/c/Users/nateg/OneDrive/Documentos/GitHub/human/psygen/The Hidden Potentials of Our Human Nature.txt
/mnt/c/Users/nateg/OneDrive/Documentos/GitHub/human/psygen/The Human Cogniscium, Colonization, The Problem of Capture.txt
/mnt/c/Users/nateg/OneDrive/Documentos/GitHub/human/psygen/The Intelligence of the Child ｜ The Ignorance of Societies.txt
/mnt/c/Users/nateg/OneDrive/Documentos/GitHub/human/psygen/The Invisibles.txt
/mnt/c/Users/nateg/OneDrive/Documentos/GitHub/human/psygen/The Ironic Side of Language ： Declarations & ‘Instruction’.txt
/mnt/c/Users/nateg/OneDrive/Documentos/GitHub/human/psygen/The Jape.txt
/mnt/c/Users/nateg/OneDrive/Documentos/GitHub/human/psygen/The Language of Frisson ｜ Mapmaking in Consciousness.txt
/mnt/c/Users/nateg/OneDrive/Documentos/GitHub/human/psygen/The Light of Insight (Ibn Arabi...).txt
/mnt/c/Users/nateg/OneDrive/Documentos/GitHub/human/psygen/The Lost Gods： Fragments of a Conversation.txt
/mnt/c/Users/nateg/OneDrive/Documentos/GitHub/human/psygen/The Mind： What We've Forgotten.txt
/mnt/c/Users/nateg/OneDrive/Documentos/GitHub/human/psygen/The Mirror Pool ｜ Coincidence, Apophenia and Synchronicty.txt
/mnt/c/Users/nateg/OneDrive/Documentos/GitHub/human/psygen/The Most Dangerous Question.txt
/mnt/c/Users/nateg/OneDrive/Documentos/GitHub/human/psygen/The Most Important Question.txt
/mnt/c/Users/nateg/OneDrive/Documentos/GitHub/human/psygen/The Observer Above ： The Landscape of Mind.txt
/mnt/c/Users/nateg/OneDrive/Documentos/GitHub/human/psygen/The One Who is Invisible ｜ The Outer Aspect.txt
/mnt/c/Users/nateg/OneDrive/Documentos/GitHub/human/psygen/The Other Within ： The Reflection Across the Barrier.txt
/mnt/c/Users/nateg/OneDrive/Documentos/GitHub/human/psygen/The Power of Make Believe.txt
/mnt/c/Users/nateg/OneDrive/Documentos/GitHub/human/psygen/The Power of Synchrony： What Happens When We Lose It.txt
/mnt/c/Users/nateg/OneDrive/Documentos/GitHub/human/psygen/The Pretty Trap： Looking Into Language ｜ Knowledge.txt
/mnt/c/Users/nateg/OneDrive/Documentos/GitHub/human/psygen/The Productivity Driver — A Glimpse.txt
/mnt/c/Users/nateg/OneDrive/Documentos/GitHub/human/psygen/The Proximity of Death and the Arbitration of Value.txt
/mnt/c/Users/nateg/OneDrive/Documentos/GitHub/human/psygen/The Raven.txt
/mnt/c/Users/nateg/OneDrive/Documentos/GitHub/human/psygen/The Revolution of Everyday Life.txt
/mnt/c/Users/nateg/OneDrive/Documentos/GitHub/human/psygen/The Right Hemisphere： Prodigy in a Prison-World.txt
/mnt/c/Users/nateg/OneDrive/Documentos/GitHub/human/psygen/The Scope of Facts.txt
/mnt/c/Users/nateg/OneDrive/Documentos/GitHub/human/psygen/The Scope of the Self.txt
/mnt/c/Users/nateg/OneDrive/Documentos/GitHub/human/psygen/The Secret Adventure ｜ Our Nature in Nature.txt
/mnt/c/Users/nateg/OneDrive/Documentos/GitHub/human/psygen/The Secret of Our Cultural Diseases： LH Dominance..txt
/mnt/c/Users/nateg/OneDrive/Documentos/GitHub/human/psygen/The Servant.txt
/mnt/c/Users/nateg/OneDrive/Documentos/GitHub/human/psygen/The Situation： Bees⧸Civilization and Fake Societies： The options..txt
/mnt/c/Users/nateg/OneDrive/Documentos/GitHub/human/psygen/The Storm in the Between of Us.txt
/mnt/c/Users/nateg/OneDrive/Documentos/GitHub/human/psygen/The Tool Captures The Hand.txt
/mnt/c/Users/nateg/OneDrive/Documentos/GitHub/human/psygen/The Ununited States： Disorientation & Information War.txt
/mnt/c/Users/nateg/OneDrive/Documentos/GitHub/human/psygen/The Vessel ｜ When Words Indicate ... the Absence of Their Referent.txt
/mnt/c/Users/nateg/OneDrive/Documentos/GitHub/human/psygen/The Weather Between Us ⧸ Motivation.txt
/mnt/c/Users/nateg/OneDrive/Documentos/GitHub/human/psygen/The ‘Big’ Questions.txt
/mnt/c/Users/nateg/OneDrive/Documentos/GitHub/human/psygen/The ‘We’ that Wasn’t, Science, Evolution & Information Wars.txt
/mnt/c/Users/nateg/OneDrive/Documentos/GitHub/human/psygen/There Are Hawks in the Garden.txt
/mnt/c/Users/nateg/OneDrive/Documentos/GitHub/human/psygen/There’s No One At The Wheel.txt
/mnt/c/Users/nateg/OneDrive/Documentos/GitHub/human/psygen/Thinking in an Emergency： Intelligence.txt
/mnt/c/Users/nateg/OneDrive/Documentos/GitHub/human/psygen/Thoughts after observing a coherent dog pack... managed by 1 guy.txt
/mnt/c/Users/nateg/OneDrive/Documentos/GitHub/human/psygen/Time & Apocalypse.txt
/mnt/c/Users/nateg/OneDrive/Documentos/GitHub/human/psygen/Time & Proximity： Disrupting the Natural Rhythms of Relationships.txt
/mnt/c/Users/nateg/OneDrive/Documentos/GitHub/human/psygen/Time ｜ Splendor.txt
/mnt/c/Users/nateg/OneDrive/Documentos/GitHub/human/psygen/Time ｜ The Deception of the Concrete.txt
/mnt/c/Users/nateg/OneDrive/Documentos/GitHub/human/psygen/Time, Identity, Meaning and Temporalization.txt
/mnt/c/Users/nateg/OneDrive/Documentos/GitHub/human/psygen/Timecrash： What is Going On.txt
/mnt/c/Users/nateg/OneDrive/Documentos/GitHub/human/psygen/Today.txt
/mnt/c/Users/nateg/OneDrive/Documentos/GitHub/human/psygen/Together.txt
/mnt/c/Users/nateg/OneDrive/Documentos/GitHub/human/psygen/Track(ing), Categories, Orientation to Detail.txt
/mnt/c/Users/nateg/OneDrive/Documentos/GitHub/human/psygen/Transentience — Beyond ＂Intelligence＂.txt
/mnt/c/Users/nateg/OneDrive/Documentos/GitHub/human/psygen/Transformations： On the Peculiar Nature of Consciousness.txt
/mnt/c/Users/nateg/OneDrive/Documentos/GitHub/human/psygen/Tree ｜ ( spirit ).txt
/mnt/c/Users/nateg/OneDrive/Documentos/GitHub/human/psygen/True or False： The Architecture of Validation.....txt
/mnt/c/Users/nateg/OneDrive/Documentos/GitHub/human/psygen/Tunnel Singing.txt
/mnt/c/Users/nateg/OneDrive/Documentos/GitHub/human/psygen/UFO ： UAP   Afterwards.txt
/mnt/c/Users/nateg/OneDrive/Documentos/GitHub/human/psygen/UFO⧸UAP Phenomenon, David Grusch, and Disclosure.txt
/mnt/c/Users/nateg/OneDrive/Documentos/GitHub/human/psygen/UFO⧸UAPs： Context, History, and Situational Analysis.txt
/mnt/c/Users/nateg/OneDrive/Documentos/GitHub/human/psygen/Uncollapsing ｜ Rectitude ｜ Uniqueness.txt
/mnt/c/Users/nateg/OneDrive/Documentos/GitHub/human/psygen/Unity ｜ Mimicry ｜ Authenticity.txt
/mnt/c/Users/nateg/OneDrive/Documentos/GitHub/human/psygen/Unity ｜ Separation.txt
/mnt/c/Users/nateg/OneDrive/Documentos/GitHub/human/psygen/Unspoken： Where language falters.txt
/mnt/c/Users/nateg/OneDrive/Documentos/GitHub/human/psygen/Upheaval ｜ Warmind.txt
/mnt/c/Users/nateg/OneDrive/Documentos/GitHub/human/psygen/Uplink： The Wrist： Orders of Intelligence Beyond Ours.txt
/mnt/c/Users/nateg/OneDrive/Documentos/GitHub/human/psygen/Very Small Things I.txt
/mnt/c/Users/nateg/OneDrive/Documentos/GitHub/human/psygen/Vice & Virtue.txt
/mnt/c/Users/nateg/OneDrive/Documentos/GitHub/human/psygen/Vigilance.txt
/mnt/c/Users/nateg/OneDrive/Documentos/GitHub/human/psygen/Virtue's Prerequisites.txt
/mnt/c/Users/nateg/OneDrive/Documentos/GitHub/human/psygen/Waking is Weirder than Dreaming.txt
/mnt/c/Users/nateg/OneDrive/Documentos/GitHub/human/psygen/Wasp drags spider, caches it, returns.txt
/mnt/c/Users/nateg/OneDrive/Documentos/GitHub/human/psygen/Welcome ⧸ Guest and Host ⧸ Some Blackfoot Phrases.txt
/mnt/c/Users/nateg/OneDrive/Documentos/GitHub/human/psygen/What I am Doing.txt
/mnt/c/Users/nateg/OneDrive/Documentos/GitHub/human/psygen/What if there are no Others？.txt
/mnt/c/Users/nateg/OneDrive/Documentos/GitHub/human/psygen/What is One？.txt
/mnt/c/Users/nateg/OneDrive/Documentos/GitHub/human/psygen/What is Unknown to Us — A Problem with Knowledge.txt
/mnt/c/Users/nateg/OneDrive/Documentos/GitHub/human/psygen/What’s Going On Around Here？.txt
/mnt/c/Users/nateg/OneDrive/Documentos/GitHub/human/psygen/When Science Goes Wrong - Doctrines and Dismissals.txt
/mnt/c/Users/nateg/OneDrive/Documentos/GitHub/human/psygen/When Things Go Wrong： The Virtue of Nonevaluation.txt
/mnt/c/Users/nateg/OneDrive/Documentos/GitHub/human/psygen/Winter. Time. Machines.txt
/mnt/c/Users/nateg/OneDrive/Documentos/GitHub/human/psygen/World ｜ Tinyworld.txt
/mnt/c/Users/nateg/OneDrive/Documentos/GitHub/human/psygen/World-Lines and Biorelational Time.txt
/mnt/c/Users/nateg/OneDrive/Documentos/GitHub/human/psygen/Wu-108 Tai Chi Form.txt
/mnt/c/Users/nateg/OneDrive/Documentos/GitHub/human/psygen/Yharaoh 727： Stuxnet, the Bible, Origins.txt
/mnt/c/Users/nateg/OneDrive/Documentos/GitHub/human/psygen/Zeitgeber ⧸ Zeitstorer — Living Time ⧸ Synchronization ⧸ Interruption.txt
/mnt/c/Users/nateg/OneDrive/Documentos/GitHub/human/psygen/alarcon 4.txt
/mnt/c/Users/nateg/OneDrive/Documentos/GitHub/human/psygen/arract 06： The G word and the Arguments..txt
/mnt/c/Users/nateg/OneDrive/Documentos/GitHub/human/psygen/mophai 29 ： True powers... are unlike our ideas..txt
/mnt/c/Users/nateg/OneDrive/Documentos/GitHub/human/psygen/nembo 71： What Justice Isn’t.txt
/mnt/c/Users/nateg/OneDrive/Documentos/GitHub/human/psygen/nemenia 16： the sanctity of local time.txt
/mnt/c/Users/nateg/OneDrive/Documentos/GitHub/human/psygen/orgine 22： the God ：｜： Science Problem.txt
/mnt/c/Users/nateg/OneDrive/Documentos/GitHub/human/psygen/prenonioi 4： Escape Velocity.txt
/mnt/c/Users/nateg/OneDrive/Documentos/GitHub/human/psygen/rBird 0 ： 1 ⧹ .｜. ⧸ Bbird 1 ： 0.txt
/mnt/c/Users/nateg/OneDrive/Documentos/GitHub/human/psygen/seraph 12 ： False Projections of Authority, Identity and Relation.txt
/mnt/c/Users/nateg/OneDrive/Documentos/GitHub/human/psygen/shüsüsh 4： Lucid Waking, Gaps, and Dreaming.txt
/mnt/c/Users/nateg/OneDrive/Documentos/GitHub/human/psygen/vilifon 15 ： Death, Fear and Rebirth： Coming to Life.txt
/mnt/c/Users/nateg/OneDrive/Documentos/GitHub/human/psygen/vipgotai： 33 Cash, Fashion, Identity.txt
/mnt/c/Users/nateg/OneDrive/Documentos/GitHub/human/psygen/yPerion 88： Anomalies, NHI, Hypertopics.txt
/mnt/c/Users/nateg/OneDrive/Documentos/GitHub/human/psygen/‘There’s No Evidence...” ⧸Medicine, Science Statistics & Knowledge.txt
